2020-02-16 23:49:23,543 INFO Command Line Arguments:
2020-02-16 23:49:23,543 INFO 0: PAW_PBE_Reduced_HighSymmetry.py
2020-02-16 23:49:23,543 INFO 1: /home/595/ceb595/Experiments
2020-02-16 23:49:23,543 INFO 2: 2020-Feb-16_23-33-16-PAW_PBE_Reduced_HighSymmetry-v5.00.zip
2020-02-16 23:49:23,544 INFO 3: BandGap
2020-02-16 23:49:23,544 INFO 4: NULL
2020-02-16 23:49:23,544 INFO 5: 1000
2020-02-16 23:49:23,544 INFO 6: P
2020-02-16 23:49:23,544 INFO Root directory: /home/595/ceb595/Experiments
2020-02-16 23:49:23,544 INFO Data directory: /home/595/ceb595/Experiments/Data
2020-02-16 23:49:23,544 INFO Ouptut directory: /home/595/ceb595/Experiments/PAW_PBE_Reduced_HighSymmetry/v2/Prototyping/2020-02-16_23-49-23.539220
2020-02-16 23:49:23,544 INFO Data file: 2020-Feb-16_23-33-16-PAW_PBE_Reduced_HighSymmetry-v5.00.zip
2020-02-16 23:49:23,544 INFO Target column: BandGap
2020-02-16 23:49:23,544 INFO Number of columns to use: 120
2020-02-16 23:49:23,544 INFO Columns to use: ['Compound', 'BandGap', 'Lr', 'Cl', 'Si', 'Sn', 'Rf', 'Sr', 'Ho', 'U', 'Sm', 'Mn', 'Bi', 'Rn', 'Xe', 'Nb', 'Pr', 'Li', 'Fe', 'Rh', 'Sg', 'Hg', 'K', 'Ba', 'S', 'No', 'Nh', 'P', 'Zr', 'Ce', 'Tb', 'Ir', 'Na', 'Cs', 'Mo', 'Eu', 'Cf', 'V', 'Np', 'Pd', 'Ge', 'Kr', 'Ts', 'Os', 'Cr', 'Hs', 'Fr', 'B', 'At', 'Ac', 'F', 'Al', 'Be', 'Co', 'Po', 'Pt', 'Se', 'Pm', 'Y', 'Tc', 'Nd', 'C', 'Ti', 'Ag', 'Pa', 'Sc', 'Er', 'H', 'Pb', 'Sb', 'Mc', 'He', 'N', 'O', 'Cd', 'Dy', 'Am', 'Rg', 'Au', 'Gd', 'Te', 'Tm', 'Pu', 'Ar', 'Ne', 'Zn', 'Mt', 'Db', 'Ni', 'Fm', 'Fl', 'Re', 'Lu', 'In', 'Ca', 'I', 'Ru', 'Tl', 'Ga', 'Es', 'Cm', 'Cu', 'Og', 'Cn', 'Hf', 'Ds', 'Yb', 'La', 'Bk', 'Ra', 'W', 'Md', 'Ta', 'Th', 'As', 'Br', 'Rb', 'Bh', 'Lv', 'Mg']
2020-02-16 23:49:23,544 INFO Dataset: PAW_PBE_Reduced_HighSymmetry
2020-02-16 23:49:23,544 INFO Script version: 2
2020-02-16 23:49:23,544 INFO Test size: 0.3
2020-02-16 23:49:23,544 INFO Layer1U: 100
2020-02-16 23:49:23,544 INFO Layer2U: 50
2020-02-16 23:49:23,544 INFO Epochs: 1000
2020-02-16 23:49:23,544 INFO Batch size: 200
2020-02-16 23:49:23,544 INFO Model environment: EnvP
2020-02-16 23:49:29,556 INFO Dataset columns:
2020-02-16 23:49:29,557 INFO ['Species', 'Compound', 'H', 'He', 'Li', 'Be', 'B', 'C', 'N', 'O', 'F', 'Ne', 'Na', 'Mg', 'Al', 'Si', 'P', 'S', 'Cl', 'Ar', 'K', 'Ca', 'Sc', 'Ti', 'V', 'Cr', 'Mn', 'Fe', 'Co', 'Ni', 'Cu', 'Zn', 'Ga', 'Ge', 'As', 'Se', 'Br', 'Kr', 'Rb', 'Sr', 'Y', 'Zr', 'Nb', 'Mo', 'Tc', 'Ru', 'Rh', 'Pd', 'Ag', 'Cd', 'In', 'Sn', 'Sb', 'Te', 'I', 'Xe', 'Cs', 'Ba', 'La', 'Ce', 'Pr', 'Nd', 'Pm', 'Sm', 'Eu', 'Gd', 'Tb', 'Dy', 'Ho', 'Er', 'Tm', 'Yb', 'Lu', 'Hf', 'Ta', 'W', 'Re', 'Os', 'Ir', 'Pt', 'Au', 'Hg', 'Tl', 'Pb', 'Bi', 'Po', 'At', 'Rn', 'Fr', 'Ra', 'Ac', 'Th', 'Pa', 'U', 'Np', 'Pu', 'Am', 'Cm', 'Bk', 'Cf', 'Es', 'Fm', 'Md', 'No', 'Lr', 'Rf', 'Db', 'Sg', 'Bh', 'Hs', 'Mt', 'Ds', 'Rg', 'Cn', 'Nh', 'Fl', 'Mc', 'Lv', 'Ts', 'Og', 'DftTypeName', 'BandGap', 'Density', 'Energy', 'EnergyPerAtom', 'FermiEnergy', 'GT_HalfMetal', 'GT_InsulatorDirect', 'GT_InsulatorDirectSpinPolarised', 'GT_InsulatorIndirect', 'GT_InsulatorIndirectSpinPolarised', 'GT_Metal', 'GeometryA', 'GeometryB', 'GeometryC', 'GeometryAlpha', 'GeometryBeta', 'GeometryGamma', 'KSpace', 'Volume', 'SG_1', 'SG_2', 'SG_3', 'SG_4', 'SG_5', 'SG_6', 'SG_7', 'SG_8', 'SG_9', 'SG_10', 'SG_11', 'SG_12', 'SG_13', 'SG_14', 'SG_15', 'SG_16', 'SG_17', 'SG_18', 'SG_19', 'SG_20', 'SG_21', 'SG_22', 'SG_23', 'SG_24', 'SG_25', 'SG_26', 'SG_27', 'SG_28', 'SG_29', 'SG_30', 'SG_31', 'SG_32', 'SG_33', 'SG_34', 'SG_35', 'SG_36', 'SG_37', 'SG_38', 'SG_39', 'SG_40', 'SG_41', 'SG_42', 'SG_43', 'SG_44', 'SG_45', 'SG_46', 'SG_47', 'SG_48', 'SG_50', 'SG_51', 'SG_52', 'SG_53', 'SG_54', 'SG_55', 'SG_56', 'SG_57', 'SG_58', 'SG_59', 'SG_60', 'SG_61', 'SG_62', 'SG_63', 'SG_64', 'SG_65', 'SG_66', 'SG_67', 'SG_68', 'SG_69', 'SG_70', 'SG_71', 'SG_72', 'SG_73', 'SG_74', 'SG_75', 'SG_76', 'SG_77', 'SG_78', 'SG_79', 'SG_80', 'SG_81', 'SG_82', 'SG_83', 'SG_84', 'SG_85', 'SG_86', 'SG_87', 'SG_88', 'SG_90', 'SG_91', 'SG_92', 'SG_95', 'SG_96', 'SG_97', 'SG_98', 'SG_99', 'SG_100', 'SG_102', 'SG_103', 'SG_104', 'SG_105', 'SG_106', 'SG_107', 'SG_108', 'SG_109', 'SG_110', 'SG_111', 'SG_112', 'SG_113', 'SG_114', 'SG_115', 'SG_116', 'SG_117', 'SG_118', 'SG_119', 'SG_120', 'SG_121', 'SG_122', 'SG_123', 'SG_124', 'SG_125', 'SG_126', 'SG_127', 'SG_128', 'SG_129', 'SG_130', 'SG_131', 'SG_132', 'SG_133', 'SG_134', 'SG_135', 'SG_136', 'SG_137', 'SG_138', 'SG_139', 'SG_140', 'SG_141', 'SG_142', 'SG_143', 'SG_144', 'SG_145', 'SG_146', 'SG_147', 'SG_148', 'SG_149', 'SG_150', 'SG_151', 'SG_152', 'SG_153', 'SG_154', 'SG_155', 'SG_156', 'SG_157', 'SG_158', 'SG_159', 'SG_160', 'SG_161', 'SG_162', 'SG_163', 'SG_164', 'SG_165', 'SG_166', 'SG_167', 'SG_169', 'SG_170', 'SG_171', 'SG_173', 'SG_174', 'SG_175', 'SG_176', 'SG_177', 'SG_178', 'SG_179', 'SG_180', 'SG_181', 'SG_182', 'SG_183', 'SG_184', 'SG_185', 'SG_186', 'SG_187', 'SG_188', 'SG_189', 'SG_190', 'SG_191', 'SG_192', 'SG_193', 'SG_194', 'SG_195', 'SG_196', 'SG_197', 'SG_198', 'SG_199', 'SG_200', 'SG_201', 'SG_202', 'SG_203', 'SG_204', 'SG_205', 'SG_206', 'SG_208', 'SG_210', 'SG_211', 'SG_212', 'SG_213', 'SG_214', 'SG_215', 'SG_216', 'SG_217', 'SG_218', 'SG_219', 'SG_220', 'SG_221', 'SG_222', 'SG_223', 'SG_224', 'SG_225', 'SG_226', 'SG_227', 'SG_229', 'SG_230', 'HS_I', 'HS_2', 'Mirror', 'HS_21', 'Glide', 'HS_4', 'HS_4143', 'HS_42', 'HS_4Bar', 'HS_2M', 'HS_21M', 'HS_4M', 'HS_42M', 'HS_3', 'HS_31', 'HS_32', 'HS_3Bar', 'HS_6', 'HS_61', 'HS_62', 'HS_63', 'HS_64', 'HS_65', 'HS_6Bar', 'HS_6M', 'HS_63M', 'NumberOfAtoms', 'TotalAtomicWeight', 'TotalChemicalPotential', 'TotalElectronAffinity', 'TotalElectroNegativity', 'TotalIonisationEnergy', 'TotalDensity', 'TotalNumberOfSOrbitals', 'TotalNumberOfPOrbitals', 'TotalNumberOfDOrbitals', 'TotalNumberOfFOrbitals', 'TotalNumberOfElectrons', 'TotalNumberOfSElectrons', 'TotalNumberOfPElectrons', 'TotalNumberOfDElectrons', 'TotalNumberOfFElectrons', 'ValenceElectrons']
2020-02-16 23:49:29,557 INFO 
2020-02-16 23:49:29,557 INFO (250403, 403)
2020-02-16 23:49:29,557 INFO <bound method NDFrame.head of        Species Compound  ...  TotalNumberOfFElectrons  ValenceElectrons
0           Ac      Ac1  ...                       14                 3
1           Ac      Ac1  ...                       14                 3
2           Ac      Ac1  ...                       14                 3
3           Ac      Ac1  ...                       14                 3
4           Ac      Ac1  ...                       14                 3
...        ...      ...  ...                      ...               ...
250398      Zr      Zr2  ...                        0                 6
250399      Zr      Zr2  ...                        0                 6
250400      Zr      Zr2  ...                        0                 6
250401      Zr      Zr3  ...                        0                 9
250402      Zr      Zr4  ...                        0                12

[250403 rows x 403 columns]>
2020-02-16 23:49:37,881 INFO Dropping excess columns...
2020-02-16 23:49:37,882 INFO {'SG_70', 'SG_23', 'SG_159', 'SG_106', 'SG_205', 'SG_191', 'FermiEnergy', 'SG_97', 'SG_95', 'SG_99', 'SG_17', 'SG_206', 'SG_76', 'SG_229', 'SG_166', 'SG_216', 'SG_210', 'SG_69', 'SG_72', 'SG_32', 'HS_4', 'GeometryGamma', 'SG_194', 'SG_66', 'SG_112', 'SG_92', 'SG_175', 'SG_190', 'SG_74', 'SG_60', 'SG_146', 'SG_26', 'SG_37', 'SG_104', 'SG_230', 'SG_54', 'SG_100', 'TotalNumberOfFOrbitals', 'HS_I', 'SG_35', 'SG_105', 'SG_4', 'SG_217', 'SG_3', 'SG_51', 'SG_131', 'GT_HalfMetal', 'SG_82', 'SG_109', 'SG_132', 'SG_153', 'TotalAtomicWeight', 'SG_42', 'SG_120', 'GeometryA', 'SG_176', 'SG_55', 'Glide', 'SG_126', 'HS_3Bar', 'SG_21', 'SG_211', 'SG_179', 'GT_InsulatorDirectSpinPolarised', 'TotalNumberOfDElectrons', 'SG_130', 'SG_222', 'SG_63', 'SG_134', 'SG_68', 'SG_113', 'SG_5', 'SG_160', 'SG_34', 'SG_52', 'SG_141', 'SG_65', 'SG_114', 'HS_2M', 'SG_203', 'SG_147', 'SG_45', 'SG_214', 'SG_162', 'Mirror', 'SG_136', 'SG_88', 'SG_187', 'SG_13', 'TotalNumberOfPOrbitals', 'KSpace', 'SG_86', 'TotalNumberOfFElectrons', 'SG_148', 'HS_3', 'SG_215', 'SG_96', 'SG_135', 'SG_58', 'SG_183', 'GT_Metal', 'SG_137', 'SG_165', 'HS_31', 'SG_87', 'GeometryC', 'SG_103', 'Species', 'SG_36', 'SG_2', 'SG_139', 'SG_140', 'SG_212', 'SG_181', 'SG_110', 'TotalElectroNegativity', 'SG_151', 'TotalElectronAffinity', 'SG_24', 'SG_129', 'SG_192', 'SG_154', 'SG_163', 'Density', 'NumberOfAtoms', 'SG_177', 'SG_174', 'SG_171', 'SG_71', 'SG_62', 'SG_61', 'SG_195', 'SG_7', 'SG_199', 'GT_InsulatorIndirect', 'SG_47', 'Volume', 'HS_64', 'HS_6Bar', 'SG_119', 'EnergyPerAtom', 'SG_224', 'GT_InsulatorDirect', 'SG_44', 'SG_18', 'SG_157', 'SG_102', 'SG_182', 'SG_197', 'SG_39', 'HS_42M', 'SG_133', 'ValenceElectrons', 'SG_79', 'SG_38', 'TotalNumberOfSElectrons', 'SG_202', 'SG_46', 'SG_41', 'SG_124', 'SG_185', 'SG_180', 'SG_90', 'SG_188', 'SG_6', 'HS_6', 'SG_164', 'SG_64', 'HS_62', 'SG_11', 'HS_4M', 'SG_31', 'SG_125', 'SG_108', 'GeometryBeta', 'SG_118', 'SG_170', 'SG_75', 'SG_53', 'SG_122', 'SG_15', 'SG_116', 'SG_91', 'TotalIonisationEnergy', 'SG_123', 'SG_9', 'SG_155', 'SG_138', 'SG_145', 'SG_22', 'HS_6M', 'SG_149', 'TotalNumberOfDOrbitals', 'SG_204', 'SG_220', 'SG_226', 'SG_158', 'SG_29', 'SG_27', 'SG_173', 'SG_193', 'SG_169', 'Energy', 'HS_63', 'SG_184', 'GeometryAlpha', 'SG_218', 'SG_57', 'SG_25', 'SG_213', 'TotalDensity', 'SG_196', 'SG_1', 'SG_20', 'HS_65', 'SG_10', 'SG_225', 'SG_59', 'SG_78', 'SG_80', 'SG_14', 'SG_189', 'HS_63M', 'SG_128', 'SG_98', 'SG_121', 'SG_107', 'SG_30', 'SG_150', 'HS_4143', 'SG_115', 'SG_48', 'SG_111', 'SG_142', 'SG_200', 'SG_201', 'SG_227', 'SG_83', 'SG_219', 'HS_32', 'SG_56', 'SG_167', 'SG_143', 'SG_28', 'SG_144', 'SG_50', 'TotalNumberOfPElectrons', 'SG_73', 'SG_178', 'SG_77', 'SG_152', 'SG_161', 'SG_198', 'SG_12', 'SG_223', 'GeometryB', 'SG_117', 'GT_InsulatorIndirectSpinPolarised', 'SG_40', 'SG_33', 'HS_2', 'TotalNumberOfElectrons', 'SG_16', 'HS_42', 'SG_221', 'SG_85', 'SG_127', 'SG_43', 'SG_19', 'SG_84', 'SG_156', 'SG_81', 'HS_21M', 'HS_61', 'TotalChemicalPotential', 'TotalNumberOfSOrbitals', 'HS_21', 'SG_67', 'HS_4Bar', 'SG_186', 'SG_8', 'SG_208'}
2020-02-16 23:49:37,931 INFO Remaining columns to use:
2020-02-16 23:49:37,931 INFO ['Compound', 'H', 'He', 'Li', 'Be', 'B', 'C', 'N', 'O', 'F', 'Ne', 'Na', 'Mg', 'Al', 'Si', 'P', 'S', 'Cl', 'Ar', 'K', 'Ca', 'Sc', 'Ti', 'V', 'Cr', 'Mn', 'Fe', 'Co', 'Ni', 'Cu', 'Zn', 'Ga', 'Ge', 'As', 'Se', 'Br', 'Kr', 'Rb', 'Sr', 'Y', 'Zr', 'Nb', 'Mo', 'Tc', 'Ru', 'Rh', 'Pd', 'Ag', 'Cd', 'In', 'Sn', 'Sb', 'Te', 'I', 'Xe', 'Cs', 'Ba', 'La', 'Ce', 'Pr', 'Nd', 'Pm', 'Sm', 'Eu', 'Gd', 'Tb', 'Dy', 'Ho', 'Er', 'Tm', 'Yb', 'Lu', 'Hf', 'Ta', 'W', 'Re', 'Os', 'Ir', 'Pt', 'Au', 'Hg', 'Tl', 'Pb', 'Bi', 'Ac', 'Th', 'Pa', 'U', 'Pu', 'BandGap']
2020-02-16 23:49:37,931 INFO 
2020-02-16 23:49:37,945 INFO Unique compounds = 114017
2020-02-17 00:50:16,661 INFO Mean Absolute Error = 0.057742
2020-02-17 00:50:16,663 INFO Root Mean Squared Error = 0.214150
2020-02-17 00:50:16,665 INFO R^2 = 0.955388
2020-02-17 00:50:16,673 INFO 0.00    0.000000
0.05    0.000000
0.10    0.000000
0.15    0.000000
0.20    0.000000
0.25    0.000000
0.30    0.000000
0.35    0.000000
0.40    0.000000
0.45    0.000000
0.50    0.000002
0.55    0.000004
0.60    0.000014
0.65    0.000055
0.70    0.000251
0.75    0.001505
0.80    0.011401
0.85    0.062080
0.90    0.161008
0.95    0.362033
1.00    6.163284
Name: AbsResidual, dtype: float64
2020-02-17 00:50:16,678 INFO 0.999000 Quantile Error = 2.315024
