2021-05-02 14:29:35,522 INFO Command Line Arguments:
2021-05-02 14:29:35,522 INFO 0: PAW_PBE_Reduced_HighSymmetry.py
2021-05-02 14:29:35,522 INFO 1: /home/595/ceb595/Experiments
2021-05-02 14:29:35,522 INFO 2: 2020-Feb-16_23-33-16-PAW_PBE_Reduced_HighSymmetry-v5.00.zip
2021-05-02 14:29:35,522 INFO 3: BandGap
2021-05-02 14:29:35,522 INFO 4: SpaceGroup,Geometry
2021-05-02 14:29:35,522 INFO 5: 300
2021-05-02 14:29:35,522 INFO 6: T
2021-05-02 14:29:35,522 INFO Root directory: /home/595/ceb595/Experiments
2021-05-02 14:29:35,522 INFO Data directory: /home/595/ceb595/Experiments/Data
2021-05-02 14:29:35,522 INFO Ouptut directory: /home/595/ceb595/Experiments/PAW_PBE_Reduced_HighSymmetry/v2/Prototyping/2021-05-02_14-29-35.518697
2021-05-02 14:29:35,522 INFO Data file: 2020-Feb-16_23-33-16-PAW_PBE_Reduced_HighSymmetry-v5.00.zip
2021-05-02 14:29:35,522 INFO Target column: BandGap
2021-05-02 14:29:35,522 INFO Number of columns to use: 346
2021-05-02 14:29:35,523 INFO Columns to use: ['Compound', 'BandGap', 'SG_38', 'Er', 'SG_142', 'SG_135', 'SG_13', 'Np', 'SG_144', 'SG_39', 'Cd', 'Tm', 'Br', 'F', 'SG_150', 'SG_112', 'Gd', 'SG_189', 'SG_79', 'SG_83', 'SG_229', 'At', 'Re', 'SG_100', 'SG_47', 'Ir', 'SG_43', 'SG_133', 'Ra', 'SG_205', 'SG_164', 'SG_32', 'SG_97', 'SG_130', 'Cm', 'SG_71', 'SG_74', 'SG_121', 'SG_102', 'SG_152', 'SG_184', 'SG_199', 'SG_73', 'SG_82', 'SG_18', 'SG_219', 'Cs', 'SG_40', 'Cr', 'Ne', 'SG_148', 'SG_1', 'SG_154', 'Pa', 'SG_103', 'SG_25', 'Cl', 'Na', 'SG_23', 'SG_214', 'SG_4', 'Ce', 'SG_92', 'Zn', 'SG_27', 'SG_72', 'Ti', 'SG_16', 'SG_91', 'Fr', 'GeometryA', 'SG_158', 'GeometryAlpha', 'SG_206', 'SG_108', 'SG_190', 'SG_224', 'SG_211', 'SG_63', 'Ta', 'Rb', 'SG_163', 'Tc', 'SG_41', 'SG_176', 'SG_208', 'SG_177', 'Pd', 'SG_35', 'SG_107', 'I', 'SG_104', 'Rf', 'SG_174', 'SG_78', 'SG_95', 'Fm', 'S', 'Pr', 'SG_215', 'Bk', 'SG_153', 'Co', 'SG_60', 'SG_3', 'O', 'U', 'Mg', 'SG_218', 'SG_187', 'Lr', 'Os', 'SG_188', 'SG_192', 'SG_161', 'H', 'SG_162', 'SG_48', 'Ni', 'SG_14', 'SG_170', 'SG_165', 'Xe', 'Mo', 'Db', 'SG_171', 'SG_12', 'SG_10', 'SG_9', 'SG_155', 'Md', 'Lu', 'SG_22', 'Cu', 'W', 'SG_139', 'SG_64', 'SG_51', 'SG_75', 'SG_21', 'SG_140', 'SG_178', 'SG_33', 'SG_141', 'SG_11', 'SG_55', 'Lv', 'Tb', 'Ru', 'SG_179', 'Nb', 'SG_69', 'SG_119', 'SG_52', 'Og', 'SG_137', 'SG_169', 'Fl', 'SG_80', 'SG_183', 'GeometryC', 'SG_86', 'SG_118', 'SG_217', 'SG_122', 'SG_227', 'SG_134', 'Sn', 'SG_204', 'Pm', 'SG_61', 'SG_186', 'Hf', 'SG_212', 'Ts', 'SG_185', 'SG_220', 'SG_42', 'SG_193', 'SG_19', 'SG_200', 'SG_87', 'SG_125', 'Bh', 'SG_98', 'Sr', 'Ac', 'Se', 'Hg', 'Yb', 'SG_7', 'SG_132', 'Kr', 'SG_30', 'SG_66', 'SG_68', 'Au', 'Ga', 'Nh', 'SG_81', 'SG_124', 'SG_202', 'SG_6', 'K', 'Cn', 'SG_166', 'Ds', 'SG_225', 'SG_36', 'Am', 'SG_156', 'SG_216', 'SG_115', 'Bi', 'GeometryBeta', 'SG_77', 'SG_54', 'SG_194', 'SG_28', 'SG_129', 'SG_106', 'B', 'SG_2', 'Mt', 'SG_160', 'SG_31', 'Sc', 'SG_167', 'SG_46', 'Nd', 'SG_151', 'No', 'SG_50', 'SG_20', 'Pb', 'SG_210', 'SG_143', 'SG_230', 'Sm', 'SG_191', 'SG_57', 'SG_157', 'Sb', 'Ho', 'SG_181', 'SG_138', 'SG_213', 'SG_221', 'SG_109', 'Rn', 'He', 'SG_24', 'GeometryB', 'SG_85', 'SG_203', 'SG_62', 'Ar', 'SG_76', 'Ba', 'SG_99', 'Te', 'SG_147', 'Po', 'SG_195', 'V', 'SG_180', 'SG_29', 'SG_44', 'SG_159', 'SG_114', 'SG_182', 'SG_120', 'SG_117', 'In', 'Rh', 'Pt', 'Cf', 'SG_113', 'SG_105', 'SG_223', 'Ca', 'P', 'Rg', 'Tl', 'SG_123', 'Si', 'SG_37', 'Al', 'Y', 'SG_56', 'Ag', 'Zr', 'SG_146', 'SG_173', 'As', 'Dy', 'SG_145', 'SG_84', 'Eu', 'SG_67', 'SG_126', 'SG_111', 'SG_128', 'Ge', 'Fe', 'SG_201', 'SG_58', 'SG_136', 'SG_34', 'SG_110', 'Es', 'Li', 'Pu', 'Hs', 'SG_26', 'GeometryGamma', 'SG_96', 'SG_196', 'Mc', 'Sg', 'SG_198', 'N', 'SG_45', 'SG_65', 'SG_15', 'Be', 'SG_5', 'SG_175', 'SG_53', 'SG_131', 'SG_116', 'SG_127', 'SG_197', 'Th', 'SG_149', 'La', 'SG_17', 'Mn', 'SG_8', 'SG_90', 'SG_88', 'SG_226', 'SG_70', 'C', 'SG_59', 'SG_222']
2021-05-02 14:29:35,523 INFO Dataset: PAW_PBE_Reduced_HighSymmetry
2021-05-02 14:29:35,523 INFO Script version: 2
2021-05-02 14:29:35,523 INFO Test size: 0.3
2021-05-02 14:29:35,523 INFO Layer1U: 100
2021-05-02 14:29:35,523 INFO Layer2U: 50
2021-05-02 14:29:35,523 INFO Epochs: 300
2021-05-02 14:29:35,523 INFO Batch size: 200
2021-05-02 14:29:35,523 INFO Model environment: EnvT
2021-05-02 14:29:41,969 INFO Dataset columns:
2021-05-02 14:29:41,970 INFO ['Species', 'Compound', 'H', 'He', 'Li', 'Be', 'B', 'C', 'N', 'O', 'F', 'Ne', 'Na', 'Mg', 'Al', 'Si', 'P', 'S', 'Cl', 'Ar', 'K', 'Ca', 'Sc', 'Ti', 'V', 'Cr', 'Mn', 'Fe', 'Co', 'Ni', 'Cu', 'Zn', 'Ga', 'Ge', 'As', 'Se', 'Br', 'Kr', 'Rb', 'Sr', 'Y', 'Zr', 'Nb', 'Mo', 'Tc', 'Ru', 'Rh', 'Pd', 'Ag', 'Cd', 'In', 'Sn', 'Sb', 'Te', 'I', 'Xe', 'Cs', 'Ba', 'La', 'Ce', 'Pr', 'Nd', 'Pm', 'Sm', 'Eu', 'Gd', 'Tb', 'Dy', 'Ho', 'Er', 'Tm', 'Yb', 'Lu', 'Hf', 'Ta', 'W', 'Re', 'Os', 'Ir', 'Pt', 'Au', 'Hg', 'Tl', 'Pb', 'Bi', 'Po', 'At', 'Rn', 'Fr', 'Ra', 'Ac', 'Th', 'Pa', 'U', 'Np', 'Pu', 'Am', 'Cm', 'Bk', 'Cf', 'Es', 'Fm', 'Md', 'No', 'Lr', 'Rf', 'Db', 'Sg', 'Bh', 'Hs', 'Mt', 'Ds', 'Rg', 'Cn', 'Nh', 'Fl', 'Mc', 'Lv', 'Ts', 'Og', 'DftTypeName', 'BandGap', 'Density', 'Energy', 'EnergyPerAtom', 'FermiEnergy', 'GT_HalfMetal', 'GT_InsulatorDirect', 'GT_InsulatorDirectSpinPolarised', 'GT_InsulatorIndirect', 'GT_InsulatorIndirectSpinPolarised', 'GT_Metal', 'GeometryA', 'GeometryB', 'GeometryC', 'GeometryAlpha', 'GeometryBeta', 'GeometryGamma', 'KSpace', 'Volume', 'SG_1', 'SG_2', 'SG_3', 'SG_4', 'SG_5', 'SG_6', 'SG_7', 'SG_8', 'SG_9', 'SG_10', 'SG_11', 'SG_12', 'SG_13', 'SG_14', 'SG_15', 'SG_16', 'SG_17', 'SG_18', 'SG_19', 'SG_20', 'SG_21', 'SG_22', 'SG_23', 'SG_24', 'SG_25', 'SG_26', 'SG_27', 'SG_28', 'SG_29', 'SG_30', 'SG_31', 'SG_32', 'SG_33', 'SG_34', 'SG_35', 'SG_36', 'SG_37', 'SG_38', 'SG_39', 'SG_40', 'SG_41', 'SG_42', 'SG_43', 'SG_44', 'SG_45', 'SG_46', 'SG_47', 'SG_48', 'SG_50', 'SG_51', 'SG_52', 'SG_53', 'SG_54', 'SG_55', 'SG_56', 'SG_57', 'SG_58', 'SG_59', 'SG_60', 'SG_61', 'SG_62', 'SG_63', 'SG_64', 'SG_65', 'SG_66', 'SG_67', 'SG_68', 'SG_69', 'SG_70', 'SG_71', 'SG_72', 'SG_73', 'SG_74', 'SG_75', 'SG_76', 'SG_77', 'SG_78', 'SG_79', 'SG_80', 'SG_81', 'SG_82', 'SG_83', 'SG_84', 'SG_85', 'SG_86', 'SG_87', 'SG_88', 'SG_90', 'SG_91', 'SG_92', 'SG_95', 'SG_96', 'SG_97', 'SG_98', 'SG_99', 'SG_100', 'SG_102', 'SG_103', 'SG_104', 'SG_105', 'SG_106', 'SG_107', 'SG_108', 'SG_109', 'SG_110', 'SG_111', 'SG_112', 'SG_113', 'SG_114', 'SG_115', 'SG_116', 'SG_117', 'SG_118', 'SG_119', 'SG_120', 'SG_121', 'SG_122', 'SG_123', 'SG_124', 'SG_125', 'SG_126', 'SG_127', 'SG_128', 'SG_129', 'SG_130', 'SG_131', 'SG_132', 'SG_133', 'SG_134', 'SG_135', 'SG_136', 'SG_137', 'SG_138', 'SG_139', 'SG_140', 'SG_141', 'SG_142', 'SG_143', 'SG_144', 'SG_145', 'SG_146', 'SG_147', 'SG_148', 'SG_149', 'SG_150', 'SG_151', 'SG_152', 'SG_153', 'SG_154', 'SG_155', 'SG_156', 'SG_157', 'SG_158', 'SG_159', 'SG_160', 'SG_161', 'SG_162', 'SG_163', 'SG_164', 'SG_165', 'SG_166', 'SG_167', 'SG_169', 'SG_170', 'SG_171', 'SG_173', 'SG_174', 'SG_175', 'SG_176', 'SG_177', 'SG_178', 'SG_179', 'SG_180', 'SG_181', 'SG_182', 'SG_183', 'SG_184', 'SG_185', 'SG_186', 'SG_187', 'SG_188', 'SG_189', 'SG_190', 'SG_191', 'SG_192', 'SG_193', 'SG_194', 'SG_195', 'SG_196', 'SG_197', 'SG_198', 'SG_199', 'SG_200', 'SG_201', 'SG_202', 'SG_203', 'SG_204', 'SG_205', 'SG_206', 'SG_208', 'SG_210', 'SG_211', 'SG_212', 'SG_213', 'SG_214', 'SG_215', 'SG_216', 'SG_217', 'SG_218', 'SG_219', 'SG_220', 'SG_221', 'SG_222', 'SG_223', 'SG_224', 'SG_225', 'SG_226', 'SG_227', 'SG_229', 'SG_230', 'HS_I', 'HS_2', 'Mirror', 'HS_21', 'Glide', 'HS_4', 'HS_4143', 'HS_42', 'HS_4Bar', 'HS_2M', 'HS_21M', 'HS_4M', 'HS_42M', 'HS_3', 'HS_31', 'HS_32', 'HS_3Bar', 'HS_6', 'HS_61', 'HS_62', 'HS_63', 'HS_64', 'HS_65', 'HS_6Bar', 'HS_6M', 'HS_63M', 'NumberOfAtoms', 'TotalAtomicWeight', 'TotalChemicalPotential', 'TotalElectronAffinity', 'TotalElectroNegativity', 'TotalIonisationEnergy', 'TotalDensity', 'TotalNumberOfSOrbitals', 'TotalNumberOfPOrbitals', 'TotalNumberOfDOrbitals', 'TotalNumberOfFOrbitals', 'TotalNumberOfElectrons', 'TotalNumberOfSElectrons', 'TotalNumberOfPElectrons', 'TotalNumberOfDElectrons', 'TotalNumberOfFElectrons', 'ValenceElectrons']
2021-05-02 14:29:41,970 INFO 
2021-05-02 14:29:41,970 INFO (250403, 403)
2021-05-02 14:29:41,970 INFO <bound method NDFrame.head of        Species Compound  ...  TotalNumberOfFElectrons  ValenceElectrons
0           Ac      Ac1  ...                       14                 3
1           Ac      Ac1  ...                       14                 3
2           Ac      Ac1  ...                       14                 3
3           Ac      Ac1  ...                       14                 3
4           Ac      Ac1  ...                       14                 3
...        ...      ...  ...                      ...               ...
250398      Zr      Zr2  ...                        0                 6
250399      Zr      Zr2  ...                        0                 6
250400      Zr      Zr2  ...                        0                 6
250401      Zr      Zr3  ...                        0                 9
250402      Zr      Zr4  ...                        0                12

[250403 rows x 403 columns]>
2021-05-02 14:29:50,547 INFO Dropping excess columns...
2021-05-02 14:29:50,548 INFO {'GT_InsulatorIndirect', 'HS_3', 'HS_I', 'HS_65', 'HS_21', 'TotalNumberOfSOrbitals', 'HS_62', 'HS_6M', 'HS_4', 'NumberOfAtoms', 'TotalChemicalPotential', 'HS_4143', 'EnergyPerAtom', 'HS_4M', 'HS_6Bar', 'HS_6', 'GT_InsulatorDirectSpinPolarised', 'TotalNumberOfElectrons', 'TotalNumberOfPOrbitals', 'HS_42M', 'HS_64', 'TotalNumberOfFElectrons', 'ValenceElectrons', 'KSpace', 'TotalAtomicWeight', 'GT_InsulatorDirect', 'TotalNumberOfSElectrons', 'Volume', 'GT_HalfMetal', 'GT_InsulatorIndirectSpinPolarised', 'Density', 'Species', 'HS_2', 'HS_61', 'HS_21M', 'Energy', 'HS_63M', 'GT_Metal', 'Mirror', 'HS_31', 'TotalDensity', 'HS_2M', 'HS_3Bar', 'TotalNumberOfFOrbitals', 'HS_32', 'TotalIonisationEnergy', 'HS_42', 'TotalElectronAffinity', 'TotalElectroNegativity', 'Glide', 'HS_63', 'TotalNumberOfPElectrons', 'FermiEnergy', 'TotalNumberOfDOrbitals', 'TotalNumberOfDElectrons', 'HS_4Bar'}
2021-05-02 14:29:50,632 INFO Remaining columns to use:
2021-05-02 14:29:50,632 INFO ['Compound', 'H', 'He', 'Li', 'Be', 'B', 'C', 'N', 'O', 'F', 'Ne', 'Na', 'Mg', 'Al', 'Si', 'P', 'S', 'Cl', 'Ar', 'K', 'Ca', 'Sc', 'Ti', 'V', 'Cr', 'Mn', 'Fe', 'Co', 'Ni', 'Cu', 'Zn', 'Ga', 'Ge', 'As', 'Se', 'Br', 'Kr', 'Rb', 'Sr', 'Y', 'Zr', 'Nb', 'Mo', 'Tc', 'Ru', 'Rh', 'Pd', 'Ag', 'Cd', 'In', 'Sn', 'Sb', 'Te', 'I', 'Xe', 'Cs', 'Ba', 'La', 'Ce', 'Pr', 'Nd', 'Pm', 'Sm', 'Eu', 'Gd', 'Tb', 'Dy', 'Ho', 'Er', 'Tm', 'Yb', 'Lu', 'Hf', 'Ta', 'W', 'Re', 'Os', 'Ir', 'Pt', 'Au', 'Hg', 'Tl', 'Pb', 'Bi', 'Ac', 'Th', 'Pa', 'U', 'Pu', 'BandGap', 'GeometryA', 'GeometryB', 'GeometryC', 'GeometryAlpha', 'GeometryBeta', 'GeometryGamma', 'SG_1', 'SG_2', 'SG_3', 'SG_4', 'SG_5', 'SG_6', 'SG_7', 'SG_8', 'SG_9', 'SG_10', 'SG_11', 'SG_12', 'SG_13', 'SG_14', 'SG_15', 'SG_16', 'SG_17', 'SG_18', 'SG_19', 'SG_20', 'SG_21', 'SG_22', 'SG_23', 'SG_24', 'SG_25', 'SG_26', 'SG_27', 'SG_28', 'SG_29', 'SG_30', 'SG_31', 'SG_32', 'SG_33', 'SG_34', 'SG_35', 'SG_36', 'SG_37', 'SG_38', 'SG_39', 'SG_40', 'SG_41', 'SG_42', 'SG_43', 'SG_44', 'SG_45', 'SG_46', 'SG_47', 'SG_48', 'SG_50', 'SG_51', 'SG_52', 'SG_53', 'SG_54', 'SG_55', 'SG_56', 'SG_57', 'SG_58', 'SG_59', 'SG_60', 'SG_61', 'SG_62', 'SG_63', 'SG_64', 'SG_65', 'SG_66', 'SG_67', 'SG_68', 'SG_69', 'SG_70', 'SG_71', 'SG_72', 'SG_73', 'SG_74', 'SG_75', 'SG_76', 'SG_77', 'SG_78', 'SG_79', 'SG_80', 'SG_81', 'SG_82', 'SG_83', 'SG_84', 'SG_85', 'SG_86', 'SG_87', 'SG_88', 'SG_90', 'SG_91', 'SG_92', 'SG_95', 'SG_96', 'SG_97', 'SG_98', 'SG_99', 'SG_100', 'SG_102', 'SG_103', 'SG_104', 'SG_105', 'SG_106', 'SG_107', 'SG_108', 'SG_109', 'SG_110', 'SG_111', 'SG_112', 'SG_113', 'SG_114', 'SG_115', 'SG_116', 'SG_117', 'SG_118', 'SG_119', 'SG_120', 'SG_121', 'SG_122', 'SG_123', 'SG_124', 'SG_125', 'SG_126', 'SG_127', 'SG_128', 'SG_129', 'SG_130', 'SG_131', 'SG_132', 'SG_133', 'SG_134', 'SG_135', 'SG_136', 'SG_137', 'SG_138', 'SG_139', 'SG_140', 'SG_141', 'SG_142', 'SG_143', 'SG_144', 'SG_145', 'SG_146', 'SG_147', 'SG_148', 'SG_149', 'SG_150', 'SG_151', 'SG_152', 'SG_153', 'SG_154', 'SG_155', 'SG_156', 'SG_157', 'SG_158', 'SG_159', 'SG_160', 'SG_161', 'SG_162', 'SG_163', 'SG_164', 'SG_165', 'SG_166', 'SG_167', 'SG_169', 'SG_170', 'SG_171', 'SG_173', 'SG_174', 'SG_175', 'SG_176', 'SG_177', 'SG_178', 'SG_179', 'SG_180', 'SG_181', 'SG_182', 'SG_183', 'SG_184', 'SG_185', 'SG_186', 'SG_187', 'SG_188', 'SG_189', 'SG_190', 'SG_191', 'SG_192', 'SG_193', 'SG_194', 'SG_195', 'SG_196', 'SG_197', 'SG_198', 'SG_199', 'SG_200', 'SG_201', 'SG_202', 'SG_203', 'SG_204', 'SG_205', 'SG_206', 'SG_208', 'SG_210', 'SG_211', 'SG_212', 'SG_213', 'SG_214', 'SG_215', 'SG_216', 'SG_217', 'SG_218', 'SG_219', 'SG_220', 'SG_221', 'SG_222', 'SG_223', 'SG_224', 'SG_225', 'SG_226', 'SG_227', 'SG_229', 'SG_230']
2021-05-02 14:29:50,632 INFO 
2021-05-02 14:29:50,648 INFO Unique compounds = 114017
2021-05-02 14:47:27,245 INFO Mean Absolute Error = 0.072204
2021-05-02 14:47:27,247 INFO Root Mean Squared Error = 0.300485
2021-05-02 14:47:27,247 INFO R^2 = 0.912558
2021-05-02 14:47:27,251 INFO 0.00     0.000000
0.05     0.000000
0.10     0.000000
0.15     0.000000
0.20     0.000000
0.25     0.000000
0.30     0.000000
0.35     0.000000
0.40     0.000000
0.45     0.000000
0.50     0.000001
0.55     0.000003
0.60     0.000010
0.65     0.000037
0.70     0.000159
0.75     0.000780
0.80     0.005033
0.85     0.038228
0.90     0.148855
0.95     0.435429
1.00    16.035465
Name: AbsResidual, dtype: float64
2021-05-02 14:47:27,253 INFO 0.999000 Quantile Error = 3.212371
