2021-05-02 14:15:18,735 INFO Command Line Arguments:
2021-05-02 14:15:18,735 INFO 0: PAW_PBE_Reduced_HighSymmetry.py
2021-05-02 14:15:18,735 INFO 1: /home/595/ceb595/Experiments
2021-05-02 14:15:18,735 INFO 2: 2020-Feb-16_23-33-16-PAW_PBE_Reduced_HighSymmetry-v5.00.zip
2021-05-02 14:15:18,735 INFO 3: BandGap
2021-05-02 14:15:18,735 INFO 4: NULL
2021-05-02 14:15:18,735 INFO 5: 300
2021-05-02 14:15:18,735 INFO 6: T
2021-05-02 14:15:18,735 INFO Root directory: /home/595/ceb595/Experiments
2021-05-02 14:15:18,735 INFO Data directory: /home/595/ceb595/Experiments/Data
2021-05-02 14:15:18,735 INFO Ouptut directory: /home/595/ceb595/Experiments/PAW_PBE_Reduced_HighSymmetry/v2/Prototyping/2021-05-02_14-15-18.691359
2021-05-02 14:15:18,735 INFO Data file: 2020-Feb-16_23-33-16-PAW_PBE_Reduced_HighSymmetry-v5.00.zip
2021-05-02 14:15:18,735 INFO Target column: BandGap
2021-05-02 14:15:18,735 INFO Number of columns to use: 120
2021-05-02 14:15:18,735 INFO Columns to use: ['Compound', 'BandGap', 'Ni', 'S', 'La', 'Se', 'Cl', 'Tc', 'Ho', 'Fl', 'Md', 'Rf', 'Na', 'Pt', 'Cf', 'Sm', 'Co', 'Sb', 'Hf', 'Db', 'Cu', 'P', 'Fr', 'Fe', 'Cn', 'Ds', 'B', 'Lv', 'Mo', 'Cd', 'Cr', 'Pb', 'Og', 'As', 'Si', 'H', 'Ca', 'U', 'C', 'Fm', 'Dy', 'Lu', 'Am', 'V', 'Bi', 'Y', 'Ar', 'Sg', 'Te', 'Sc', 'Tm', 'Pa', 'Cm', 'Pu', 'Ac', 'Sn', 'Os', 'Ta', 'Ir', 'Xe', 'Nh', 'Ga', 'Rh', 'Cs', 'Mg', 'Ru', 'Mt', 'O', 'Yb', 'Zr', 'Es', 'Mn', 'Er', 'Ti', 'Rb', 'Lr', 'Nd', 'Au', 'Ge', 'He', 'Mc', 'F', 'Be', 'Hs', 'Ts', 'No', 'Gd', 'At', 'Rg', 'Rn', 'Ra', 'In', 'Ba', 'Th', 'Ag', 'Li', 'Bh', 'K', 'Zn', 'Br', 'Kr', 'Pr', 'Ce', 'Pm', 'N', 'Re', 'Eu', 'Nb', 'Po', 'Al', 'Bk', 'Np', 'Tb', 'Tl', 'I', 'W', 'Pd', 'Sr', 'Hg', 'Ne']
2021-05-02 14:15:18,736 INFO Dataset: PAW_PBE_Reduced_HighSymmetry
2021-05-02 14:15:18,736 INFO Script version: 2
2021-05-02 14:15:18,736 INFO Test size: 0.3
2021-05-02 14:15:18,736 INFO Layer1U: 100
2021-05-02 14:15:18,736 INFO Layer2U: 50
2021-05-02 14:15:18,736 INFO Epochs: 300
2021-05-02 14:15:18,736 INFO Batch size: 200
2021-05-02 14:15:18,736 INFO Model environment: EnvT
2021-05-02 14:15:25,360 INFO Dataset columns:
2021-05-02 14:15:25,361 INFO ['Species', 'Compound', 'H', 'He', 'Li', 'Be', 'B', 'C', 'N', 'O', 'F', 'Ne', 'Na', 'Mg', 'Al', 'Si', 'P', 'S', 'Cl', 'Ar', 'K', 'Ca', 'Sc', 'Ti', 'V', 'Cr', 'Mn', 'Fe', 'Co', 'Ni', 'Cu', 'Zn', 'Ga', 'Ge', 'As', 'Se', 'Br', 'Kr', 'Rb', 'Sr', 'Y', 'Zr', 'Nb', 'Mo', 'Tc', 'Ru', 'Rh', 'Pd', 'Ag', 'Cd', 'In', 'Sn', 'Sb', 'Te', 'I', 'Xe', 'Cs', 'Ba', 'La', 'Ce', 'Pr', 'Nd', 'Pm', 'Sm', 'Eu', 'Gd', 'Tb', 'Dy', 'Ho', 'Er', 'Tm', 'Yb', 'Lu', 'Hf', 'Ta', 'W', 'Re', 'Os', 'Ir', 'Pt', 'Au', 'Hg', 'Tl', 'Pb', 'Bi', 'Po', 'At', 'Rn', 'Fr', 'Ra', 'Ac', 'Th', 'Pa', 'U', 'Np', 'Pu', 'Am', 'Cm', 'Bk', 'Cf', 'Es', 'Fm', 'Md', 'No', 'Lr', 'Rf', 'Db', 'Sg', 'Bh', 'Hs', 'Mt', 'Ds', 'Rg', 'Cn', 'Nh', 'Fl', 'Mc', 'Lv', 'Ts', 'Og', 'DftTypeName', 'BandGap', 'Density', 'Energy', 'EnergyPerAtom', 'FermiEnergy', 'GT_HalfMetal', 'GT_InsulatorDirect', 'GT_InsulatorDirectSpinPolarised', 'GT_InsulatorIndirect', 'GT_InsulatorIndirectSpinPolarised', 'GT_Metal', 'GeometryA', 'GeometryB', 'GeometryC', 'GeometryAlpha', 'GeometryBeta', 'GeometryGamma', 'KSpace', 'Volume', 'SG_1', 'SG_2', 'SG_3', 'SG_4', 'SG_5', 'SG_6', 'SG_7', 'SG_8', 'SG_9', 'SG_10', 'SG_11', 'SG_12', 'SG_13', 'SG_14', 'SG_15', 'SG_16', 'SG_17', 'SG_18', 'SG_19', 'SG_20', 'SG_21', 'SG_22', 'SG_23', 'SG_24', 'SG_25', 'SG_26', 'SG_27', 'SG_28', 'SG_29', 'SG_30', 'SG_31', 'SG_32', 'SG_33', 'SG_34', 'SG_35', 'SG_36', 'SG_37', 'SG_38', 'SG_39', 'SG_40', 'SG_41', 'SG_42', 'SG_43', 'SG_44', 'SG_45', 'SG_46', 'SG_47', 'SG_48', 'SG_50', 'SG_51', 'SG_52', 'SG_53', 'SG_54', 'SG_55', 'SG_56', 'SG_57', 'SG_58', 'SG_59', 'SG_60', 'SG_61', 'SG_62', 'SG_63', 'SG_64', 'SG_65', 'SG_66', 'SG_67', 'SG_68', 'SG_69', 'SG_70', 'SG_71', 'SG_72', 'SG_73', 'SG_74', 'SG_75', 'SG_76', 'SG_77', 'SG_78', 'SG_79', 'SG_80', 'SG_81', 'SG_82', 'SG_83', 'SG_84', 'SG_85', 'SG_86', 'SG_87', 'SG_88', 'SG_90', 'SG_91', 'SG_92', 'SG_95', 'SG_96', 'SG_97', 'SG_98', 'SG_99', 'SG_100', 'SG_102', 'SG_103', 'SG_104', 'SG_105', 'SG_106', 'SG_107', 'SG_108', 'SG_109', 'SG_110', 'SG_111', 'SG_112', 'SG_113', 'SG_114', 'SG_115', 'SG_116', 'SG_117', 'SG_118', 'SG_119', 'SG_120', 'SG_121', 'SG_122', 'SG_123', 'SG_124', 'SG_125', 'SG_126', 'SG_127', 'SG_128', 'SG_129', 'SG_130', 'SG_131', 'SG_132', 'SG_133', 'SG_134', 'SG_135', 'SG_136', 'SG_137', 'SG_138', 'SG_139', 'SG_140', 'SG_141', 'SG_142', 'SG_143', 'SG_144', 'SG_145', 'SG_146', 'SG_147', 'SG_148', 'SG_149', 'SG_150', 'SG_151', 'SG_152', 'SG_153', 'SG_154', 'SG_155', 'SG_156', 'SG_157', 'SG_158', 'SG_159', 'SG_160', 'SG_161', 'SG_162', 'SG_163', 'SG_164', 'SG_165', 'SG_166', 'SG_167', 'SG_169', 'SG_170', 'SG_171', 'SG_173', 'SG_174', 'SG_175', 'SG_176', 'SG_177', 'SG_178', 'SG_179', 'SG_180', 'SG_181', 'SG_182', 'SG_183', 'SG_184', 'SG_185', 'SG_186', 'SG_187', 'SG_188', 'SG_189', 'SG_190', 'SG_191', 'SG_192', 'SG_193', 'SG_194', 'SG_195', 'SG_196', 'SG_197', 'SG_198', 'SG_199', 'SG_200', 'SG_201', 'SG_202', 'SG_203', 'SG_204', 'SG_205', 'SG_206', 'SG_208', 'SG_210', 'SG_211', 'SG_212', 'SG_213', 'SG_214', 'SG_215', 'SG_216', 'SG_217', 'SG_218', 'SG_219', 'SG_220', 'SG_221', 'SG_222', 'SG_223', 'SG_224', 'SG_225', 'SG_226', 'SG_227', 'SG_229', 'SG_230', 'HS_I', 'HS_2', 'Mirror', 'HS_21', 'Glide', 'HS_4', 'HS_4143', 'HS_42', 'HS_4Bar', 'HS_2M', 'HS_21M', 'HS_4M', 'HS_42M', 'HS_3', 'HS_31', 'HS_32', 'HS_3Bar', 'HS_6', 'HS_61', 'HS_62', 'HS_63', 'HS_64', 'HS_65', 'HS_6Bar', 'HS_6M', 'HS_63M', 'NumberOfAtoms', 'TotalAtomicWeight', 'TotalChemicalPotential', 'TotalElectronAffinity', 'TotalElectroNegativity', 'TotalIonisationEnergy', 'TotalDensity', 'TotalNumberOfSOrbitals', 'TotalNumberOfPOrbitals', 'TotalNumberOfDOrbitals', 'TotalNumberOfFOrbitals', 'TotalNumberOfElectrons', 'TotalNumberOfSElectrons', 'TotalNumberOfPElectrons', 'TotalNumberOfDElectrons', 'TotalNumberOfFElectrons', 'ValenceElectrons']
2021-05-02 14:15:25,361 INFO 
2021-05-02 14:15:25,361 INFO (250403, 403)
2021-05-02 14:15:25,361 INFO <bound method NDFrame.head of        Species Compound  ...  TotalNumberOfFElectrons  ValenceElectrons
0           Ac      Ac1  ...                       14                 3
1           Ac      Ac1  ...                       14                 3
2           Ac      Ac1  ...                       14                 3
3           Ac      Ac1  ...                       14                 3
4           Ac      Ac1  ...                       14                 3
...        ...      ...  ...                      ...               ...
250398      Zr      Zr2  ...                        0                 6
250399      Zr      Zr2  ...                        0                 6
250400      Zr      Zr2  ...                        0                 6
250401      Zr      Zr3  ...                        0                 9
250402      Zr      Zr4  ...                        0                12

[250403 rows x 403 columns]>
2021-05-02 14:15:34,087 INFO Dropping excess columns...
2021-05-02 14:15:34,087 INFO {'SG_112', 'SG_92', 'SG_63', 'TotalNumberOfFElectrons', 'SG_13', 'SG_151', 'HS_3', 'SG_57', 'SG_230', 'SG_165', 'SG_188', 'HS_4Bar', 'SG_132', 'SG_113', 'SG_229', 'TotalNumberOfDElectrons', 'SG_202', 'SG_37', 'SG_65', 'GT_InsulatorDirectSpinPolarised', 'Mirror', 'SG_122', 'SG_157', 'SG_211', 'GeometryAlpha', 'GT_Metal', 'SG_67', 'SG_203', 'SG_184', 'HS_I', 'SG_162', 'SG_102', 'SG_100', 'SG_104', 'HS_4143', 'SG_213', 'SG_189', 'SG_59', 'NumberOfAtoms', 'SG_60', 'SG_200', 'Density', 'SG_62', 'HS_6M', 'HS_63M', 'SG_87', 'TotalNumberOfPOrbitals', 'SG_84', 'HS_32', 'SG_109', 'SG_61', 'SG_90', 'SG_142', 'SG_185', 'SG_167', 'SG_3', 'Glide', 'SG_107', 'TotalNumberOfFOrbitals', 'Species', 'SG_27', 'SG_72', 'GT_HalfMetal', 'SG_6', 'GeometryB', 'SG_198', 'SG_187', 'GeometryA', 'SG_28', 'SG_52', 'SG_224', 'TotalIonisationEnergy', 'SG_35', 'SG_140', 'SG_5', 'SG_117', 'SG_134', 'HS_31', 'SG_73', 'HS_63', 'HS_2M', 'TotalChemicalPotential', 'SG_96', 'SG_128', 'SG_204', 'SG_174', 'SG_110', 'SG_21', 'SG_31', 'SG_155', 'SG_180', 'TotalElectroNegativity', 'SG_81', 'SG_69', 'SG_119', 'SG_123', 'SG_83', 'SG_129', 'SG_46', 'SG_77', 'SG_58', 'SG_88', 'SG_40', 'GeometryGamma', 'SG_20', 'SG_183', 'SG_41', 'SG_26', 'SG_43', 'SG_222', 'SG_146', 'SG_103', 'SG_127', 'GT_InsulatorIndirectSpinPolarised', 'SG_171', 'SG_175', 'TotalDensity', 'SG_149', 'SG_38', 'SG_196', 'SG_2', 'TotalNumberOfElectrons', 'SG_192', 'HS_3Bar', 'SG_136', 'HS_64', 'KSpace', 'SG_227', 'SG_145', 'GT_InsulatorIndirect', 'SG_186', 'SG_212', 'SG_32', 'SG_76', 'SG_70', 'GT_InsulatorDirect', 'SG_11', 'SG_80', 'SG_176', 'SG_218', 'SG_152', 'SG_82', 'HS_6Bar', 'SG_25', 'SG_9', 'SG_114', 'SG_51', 'SG_220', 'SG_194', 'SG_158', 'SG_219', 'SG_173', 'SG_86', 'HS_21M', 'SG_159', 'SG_4', 'SG_50', 'SG_42', 'SG_30', 'SG_135', 'SG_181', 'HS_2', 'SG_148', 'SG_153', 'SG_215', 'TotalNumberOfSOrbitals', 'ValenceElectrons', 'SG_108', 'SG_210', 'HS_4', 'SG_130', 'SG_131', 'Volume', 'SG_206', 'SG_124', 'SG_191', 'SG_24', 'SG_177', 'SG_226', 'SG_138', 'SG_8', 'SG_190', 'TotalNumberOfSElectrons', 'SG_99', 'SG_19', 'SG_15', 'SG_105', 'SG_214', 'SG_208', 'SG_10', 'EnergyPerAtom', 'SG_98', 'SG_160', 'SG_106', 'SG_55', 'SG_163', 'TotalNumberOfDOrbitals', 'SG_74', 'SG_34', 'SG_95', 'TotalNumberOfPElectrons', 'SG_39', 'SG_161', 'SG_118', 'SG_178', 'SG_201', 'SG_182', 'SG_56', 'SG_47', 'GeometryBeta', 'SG_53', 'SG_1', 'SG_16', 'SG_120', 'SG_23', 'SG_14', 'SG_199', 'SG_64', 'SG_33', 'SG_221', 'SG_223', 'HS_61', 'SG_85', 'SG_179', 'SG_18', 'SG_22', 'SG_116', 'HS_62', 'HS_6', 'SG_68', 'TotalAtomicWeight', 'SG_121', 'SG_75', 'SG_125', 'HS_4M', 'SG_195', 'SG_12', 'SG_143', 'SG_156', 'SG_193', 'SG_115', 'SG_133', 'SG_144', 'SG_111', 'SG_78', 'SG_170', 'GeometryC', 'SG_45', 'SG_169', 'HS_21', 'Energy', 'HS_42M', 'SG_97', 'SG_150', 'SG_225', 'SG_71', 'SG_216', 'SG_141', 'SG_66', 'SG_7', 'TotalElectronAffinity', 'SG_36', 'SG_91', 'SG_29', 'SG_79', 'SG_44', 'SG_137', 'HS_42', 'SG_205', 'SG_197', 'FermiEnergy', 'SG_54', 'HS_65', 'SG_48', 'SG_17', 'SG_147', 'SG_154', 'SG_166', 'SG_217', 'SG_126', 'SG_139', 'SG_164'}
2021-05-02 14:15:34,139 INFO Remaining columns to use:
2021-05-02 14:15:34,139 INFO ['Compound', 'H', 'He', 'Li', 'Be', 'B', 'C', 'N', 'O', 'F', 'Ne', 'Na', 'Mg', 'Al', 'Si', 'P', 'S', 'Cl', 'Ar', 'K', 'Ca', 'Sc', 'Ti', 'V', 'Cr', 'Mn', 'Fe', 'Co', 'Ni', 'Cu', 'Zn', 'Ga', 'Ge', 'As', 'Se', 'Br', 'Kr', 'Rb', 'Sr', 'Y', 'Zr', 'Nb', 'Mo', 'Tc', 'Ru', 'Rh', 'Pd', 'Ag', 'Cd', 'In', 'Sn', 'Sb', 'Te', 'I', 'Xe', 'Cs', 'Ba', 'La', 'Ce', 'Pr', 'Nd', 'Pm', 'Sm', 'Eu', 'Gd', 'Tb', 'Dy', 'Ho', 'Er', 'Tm', 'Yb', 'Lu', 'Hf', 'Ta', 'W', 'Re', 'Os', 'Ir', 'Pt', 'Au', 'Hg', 'Tl', 'Pb', 'Bi', 'Ac', 'Th', 'Pa', 'U', 'Pu', 'BandGap']
2021-05-02 14:15:34,139 INFO 
2021-05-02 14:15:34,154 INFO Unique compounds = 114017
2021-05-02 14:28:47,255 INFO Mean Absolute Error = 0.079572
2021-05-02 14:28:47,257 INFO Root Mean Squared Error = 0.297179
2021-05-02 14:28:47,258 INFO R^2 = 0.914471
2021-05-02 14:28:47,261 INFO 0.00    0.000000e+00
0.05    0.000000e+00
0.10    0.000000e+00
0.15    0.000000e+00
0.20    0.000000e+00
0.25    0.000000e+00
0.30    0.000000e+00
0.35    0.000000e+00
0.40    0.000000e+00
0.45    0.000000e+00
0.50    0.000000e+00
0.55    0.000000e+00
0.60    5.477667e-07
0.65    2.738833e-06
0.70    3.012717e-05
0.75    5.987090e-04
0.80    9.813788e-03
0.85    6.523244e-02
0.90    2.033943e-01
0.95    5.196849e-01
1.00    5.963590e+00
Name: AbsResidual, dtype: float64
2021-05-02 14:28:47,264 INFO 0.999000 Quantile Error = 3.044744
