2020-02-16 23:49:34,503 INFO Command Line Arguments:
2020-02-16 23:49:34,504 INFO 0: PAW_PBE_Reduced_HighSymmetry.py
2020-02-16 23:49:34,504 INFO 1: /home/595/ceb595/Experiments
2020-02-16 23:49:34,504 INFO 2: 2020-Feb-16_23-33-16-PAW_PBE_Reduced_HighSymmetry-v5.00.zip
2020-02-16 23:49:34,504 INFO 3: BandGap
2020-02-16 23:49:34,504 INFO 4: SpaceGroup,Geometry
2020-02-16 23:49:34,504 INFO 5: 1000
2020-02-16 23:49:34,504 INFO 6: P
2020-02-16 23:49:34,504 INFO Root directory: /home/595/ceb595/Experiments
2020-02-16 23:49:34,504 INFO Data directory: /home/595/ceb595/Experiments/Data
2020-02-16 23:49:34,504 INFO Ouptut directory: /home/595/ceb595/Experiments/PAW_PBE_Reduced_HighSymmetry/v2/Prototyping/2020-02-16_23-49-34.499743
2020-02-16 23:49:34,504 INFO Data file: 2020-Feb-16_23-33-16-PAW_PBE_Reduced_HighSymmetry-v5.00.zip
2020-02-16 23:49:34,504 INFO Target column: BandGap
2020-02-16 23:49:34,504 INFO Number of columns to use: 346
2020-02-16 23:49:34,504 INFO Columns to use: ['Compound', 'BandGap', 'SG_120', 'SG_1', 'SG_72', 'Kr', 'SG_87', 'Ca', 'V', 'SG_190', 'SG_96', 'SG_123', 'SG_166', 'Dy', 'No', 'SG_230', 'Bh', 'Tb', 'SG_78', 'Sm', 'Mo', 'Sg', 'GeometryAlpha', 'SG_36', 'Cs', 'SG_179', 'SG_131', 'Al', 'Ga', 'SG_56', 'SG_34', 'SG_2', 'Po', 'SG_114', 'SG_187', 'Ru', 'SG_147', 'SG_199', 'SG_77', 'SG_217', 'Be', 'SG_158', 'SG_141', 'Tc', 'SG_143', 'SG_115', 'SG_149', 'SG_128', 'SG_195', 'Mc', 'SG_193', 'SG_3', 'SG_90', 'SG_216', 'Te', 'SG_192', 'SG_4', 'Gd', 'In', 'SG_226', 'SG_86', 'SG_65', 'Mt', 'SG_214', 'Es', 'Bi', 'SG_156', 'SG_134', 'Br', 'La', 'Zr', 'Mn', 'Ba', 'SG_104', 'SG_180', 'SG_186', 'SG_213', 'SG_223', 'SG_146', 'K', 'SG_12', 'Np', 'SG_100', 'SG_35', 'SG_71', 'SG_54', 'Si', 'Xe', 'SG_208', 'H', 'Pt', 'GeometryA', 'Pd', 'Sb', 'Db', 'SG_142', 'Rn', 'SG_73', 'SG_28', 'Zn', 'Pb', 'SG_48', 'GeometryBeta', 'Pa', 'SG_33', 'SG_189', 'SG_68', 'SG_138', 'Eu', 'SG_206', 'SG_97', 'SG_212', 'Bk', 'SG_191', 'Hs', 'SG_170', 'Md', 'SG_154', 'SG_176', 'SG_25', 'SG_44', 'As', 'SG_99', 'Sn', 'Fm', 'Fe', 'SG_82', 'SG_129', 'SG_220', 'Er', 'Ac', 'GeometryGamma', 'Am', 'SG_175', 'SG_136', 'GeometryB', 'SG_8', 'SG_124', 'Co', 'SG_122', 'SG_182', 'SG_106', 'SG_218', 'SG_11', 'Og', 'Fr', 'SG_184', 'SG_45', 'SG_119', 'SG_224', 'GeometryC', 'SG_88', 'SG_169', 'Tl', 'SG_151', 'F', 'Ta', 'SG_46', 'SG_18', 'Nb', 'Ts', 'SG_59', 'SG_227', 'Y', 'SG_159', 'Cm', 'SG_27', 'SG_19', 'O', 'SG_130', 'SG_194', 'SG_57', 'W', 'SG_110', 'Se', 'SG_225', 'SG_6', 'SG_85', 'SG_145', 'SG_9', 'SG_80', 'SG_92', 'Cn', 'SG_51', 'Tm', 'SG_167', 'SG_198', 'SG_91', 'SG_221', 'Rg', 'Th', 'SG_133', 'SG_173', 'SG_202', 'SG_74', 'SG_222', 'SG_126', 'SG_26', 'Hg', 'SG_163', 'SG_197', 'SG_121', 'SG_20', 'P', 'SG_165', 'SG_58', 'SG_125', 'Au', 'SG_112', 'SG_50', 'Rf', 'SG_29', 'SG_105', 'Nh', 'SG_42', 'SG_66', 'SG_43', 'SG_181', 'SG_153', 'Nd', 'SG_75', 'SG_201', 'SG_185', 'Na', 'I', 'Cf', 'SG_61', 'SG_38', 'SG_160', 'SG_63', 'SG_178', 'S', 'SG_84', 'SG_148', 'SG_10', 'SG_164', 'Yb', 'Os', 'SG_210', 'SG_177', 'B', 'SG_39', 'Lu', 'SG_62', 'SG_219', 'SG_47', 'SG_22', 'SG_162', 'SG_188', 'SG_203', 'SG_14', 'Ds', 'SG_174', 'Lr', 'Ra', 'Ne', 'He', 'SG_7', 'SG_69', 'SG_70', 'SG_76', 'Ag', 'SG_171', 'SG_32', 'At', 'SG_127', 'SG_139', 'SG_103', 'Li', 'Re', 'SG_107', 'SG_204', 'SG_52', 'SG_83', 'Ge', 'SG_13', 'Ni', 'Ir', 'SG_161', 'SG_79', 'Cu', 'SG_211', 'N', 'SG_116', 'SG_140', 'SG_135', 'Cr', 'U', 'SG_109', 'SG_132', 'Cd', 'Lv', 'SG_229', 'Pu', 'SG_41', 'SG_111', 'SG_16', 'SG_183', 'SG_24', 'SG_196', 'Rh', 'Rb', 'SG_157', 'SG_205', 'Pr', 'SG_17', 'SG_15', 'SG_152', 'SG_64', 'SG_81', 'SG_60', 'SG_21', 'SG_95', 'SG_5', 'SG_53', 'SG_55', 'Cl', 'SG_31', 'C', 'SG_200', 'Sr', 'SG_40', 'Ti', 'SG_102', 'Mg', 'SG_150', 'SG_215', 'Ho', 'SG_113', 'Fl', 'SG_30', 'SG_118', 'SG_37', 'SG_137', 'Hf', 'SG_117', 'SG_155', 'SG_67', 'Pm', 'SG_23', 'Ar', 'SG_98', 'SG_108', 'Ce', 'Sc', 'SG_144']
2020-02-16 23:49:34,504 INFO Dataset: PAW_PBE_Reduced_HighSymmetry
2020-02-16 23:49:34,504 INFO Script version: 2
2020-02-16 23:49:34,504 INFO Test size: 0.3
2020-02-16 23:49:34,504 INFO Layer1U: 100
2020-02-16 23:49:34,504 INFO Layer2U: 50
2020-02-16 23:49:34,505 INFO Epochs: 1000
2020-02-16 23:49:34,505 INFO Batch size: 200
2020-02-16 23:49:34,505 INFO Model environment: EnvP
2020-02-16 23:49:40,485 INFO Dataset columns:
2020-02-16 23:49:40,486 INFO ['Species', 'Compound', 'H', 'He', 'Li', 'Be', 'B', 'C', 'N', 'O', 'F', 'Ne', 'Na', 'Mg', 'Al', 'Si', 'P', 'S', 'Cl', 'Ar', 'K', 'Ca', 'Sc', 'Ti', 'V', 'Cr', 'Mn', 'Fe', 'Co', 'Ni', 'Cu', 'Zn', 'Ga', 'Ge', 'As', 'Se', 'Br', 'Kr', 'Rb', 'Sr', 'Y', 'Zr', 'Nb', 'Mo', 'Tc', 'Ru', 'Rh', 'Pd', 'Ag', 'Cd', 'In', 'Sn', 'Sb', 'Te', 'I', 'Xe', 'Cs', 'Ba', 'La', 'Ce', 'Pr', 'Nd', 'Pm', 'Sm', 'Eu', 'Gd', 'Tb', 'Dy', 'Ho', 'Er', 'Tm', 'Yb', 'Lu', 'Hf', 'Ta', 'W', 'Re', 'Os', 'Ir', 'Pt', 'Au', 'Hg', 'Tl', 'Pb', 'Bi', 'Po', 'At', 'Rn', 'Fr', 'Ra', 'Ac', 'Th', 'Pa', 'U', 'Np', 'Pu', 'Am', 'Cm', 'Bk', 'Cf', 'Es', 'Fm', 'Md', 'No', 'Lr', 'Rf', 'Db', 'Sg', 'Bh', 'Hs', 'Mt', 'Ds', 'Rg', 'Cn', 'Nh', 'Fl', 'Mc', 'Lv', 'Ts', 'Og', 'DftTypeName', 'BandGap', 'Density', 'Energy', 'EnergyPerAtom', 'FermiEnergy', 'GT_HalfMetal', 'GT_InsulatorDirect', 'GT_InsulatorDirectSpinPolarised', 'GT_InsulatorIndirect', 'GT_InsulatorIndirectSpinPolarised', 'GT_Metal', 'GeometryA', 'GeometryB', 'GeometryC', 'GeometryAlpha', 'GeometryBeta', 'GeometryGamma', 'KSpace', 'Volume', 'SG_1', 'SG_2', 'SG_3', 'SG_4', 'SG_5', 'SG_6', 'SG_7', 'SG_8', 'SG_9', 'SG_10', 'SG_11', 'SG_12', 'SG_13', 'SG_14', 'SG_15', 'SG_16', 'SG_17', 'SG_18', 'SG_19', 'SG_20', 'SG_21', 'SG_22', 'SG_23', 'SG_24', 'SG_25', 'SG_26', 'SG_27', 'SG_28', 'SG_29', 'SG_30', 'SG_31', 'SG_32', 'SG_33', 'SG_34', 'SG_35', 'SG_36', 'SG_37', 'SG_38', 'SG_39', 'SG_40', 'SG_41', 'SG_42', 'SG_43', 'SG_44', 'SG_45', 'SG_46', 'SG_47', 'SG_48', 'SG_50', 'SG_51', 'SG_52', 'SG_53', 'SG_54', 'SG_55', 'SG_56', 'SG_57', 'SG_58', 'SG_59', 'SG_60', 'SG_61', 'SG_62', 'SG_63', 'SG_64', 'SG_65', 'SG_66', 'SG_67', 'SG_68', 'SG_69', 'SG_70', 'SG_71', 'SG_72', 'SG_73', 'SG_74', 'SG_75', 'SG_76', 'SG_77', 'SG_78', 'SG_79', 'SG_80', 'SG_81', 'SG_82', 'SG_83', 'SG_84', 'SG_85', 'SG_86', 'SG_87', 'SG_88', 'SG_90', 'SG_91', 'SG_92', 'SG_95', 'SG_96', 'SG_97', 'SG_98', 'SG_99', 'SG_100', 'SG_102', 'SG_103', 'SG_104', 'SG_105', 'SG_106', 'SG_107', 'SG_108', 'SG_109', 'SG_110', 'SG_111', 'SG_112', 'SG_113', 'SG_114', 'SG_115', 'SG_116', 'SG_117', 'SG_118', 'SG_119', 'SG_120', 'SG_121', 'SG_122', 'SG_123', 'SG_124', 'SG_125', 'SG_126', 'SG_127', 'SG_128', 'SG_129', 'SG_130', 'SG_131', 'SG_132', 'SG_133', 'SG_134', 'SG_135', 'SG_136', 'SG_137', 'SG_138', 'SG_139', 'SG_140', 'SG_141', 'SG_142', 'SG_143', 'SG_144', 'SG_145', 'SG_146', 'SG_147', 'SG_148', 'SG_149', 'SG_150', 'SG_151', 'SG_152', 'SG_153', 'SG_154', 'SG_155', 'SG_156', 'SG_157', 'SG_158', 'SG_159', 'SG_160', 'SG_161', 'SG_162', 'SG_163', 'SG_164', 'SG_165', 'SG_166', 'SG_167', 'SG_169', 'SG_170', 'SG_171', 'SG_173', 'SG_174', 'SG_175', 'SG_176', 'SG_177', 'SG_178', 'SG_179', 'SG_180', 'SG_181', 'SG_182', 'SG_183', 'SG_184', 'SG_185', 'SG_186', 'SG_187', 'SG_188', 'SG_189', 'SG_190', 'SG_191', 'SG_192', 'SG_193', 'SG_194', 'SG_195', 'SG_196', 'SG_197', 'SG_198', 'SG_199', 'SG_200', 'SG_201', 'SG_202', 'SG_203', 'SG_204', 'SG_205', 'SG_206', 'SG_208', 'SG_210', 'SG_211', 'SG_212', 'SG_213', 'SG_214', 'SG_215', 'SG_216', 'SG_217', 'SG_218', 'SG_219', 'SG_220', 'SG_221', 'SG_222', 'SG_223', 'SG_224', 'SG_225', 'SG_226', 'SG_227', 'SG_229', 'SG_230', 'HS_I', 'HS_2', 'Mirror', 'HS_21', 'Glide', 'HS_4', 'HS_4143', 'HS_42', 'HS_4Bar', 'HS_2M', 'HS_21M', 'HS_4M', 'HS_42M', 'HS_3', 'HS_31', 'HS_32', 'HS_3Bar', 'HS_6', 'HS_61', 'HS_62', 'HS_63', 'HS_64', 'HS_65', 'HS_6Bar', 'HS_6M', 'HS_63M', 'NumberOfAtoms', 'TotalAtomicWeight', 'TotalChemicalPotential', 'TotalElectronAffinity', 'TotalElectroNegativity', 'TotalIonisationEnergy', 'TotalDensity', 'TotalNumberOfSOrbitals', 'TotalNumberOfPOrbitals', 'TotalNumberOfDOrbitals', 'TotalNumberOfFOrbitals', 'TotalNumberOfElectrons', 'TotalNumberOfSElectrons', 'TotalNumberOfPElectrons', 'TotalNumberOfDElectrons', 'TotalNumberOfFElectrons', 'ValenceElectrons']
2020-02-16 23:49:40,486 INFO 
2020-02-16 23:49:40,486 INFO (250403, 403)
2020-02-16 23:49:40,486 INFO <bound method NDFrame.head of        Species Compound  ...  TotalNumberOfFElectrons  ValenceElectrons
0           Ac      Ac1  ...                       14                 3
1           Ac      Ac1  ...                       14                 3
2           Ac      Ac1  ...                       14                 3
3           Ac      Ac1  ...                       14                 3
4           Ac      Ac1  ...                       14                 3
...        ...      ...  ...                      ...               ...
250398      Zr      Zr2  ...                        0                 6
250399      Zr      Zr2  ...                        0                 6
250400      Zr      Zr2  ...                        0                 6
250401      Zr      Zr3  ...                        0                 9
250402      Zr      Zr4  ...                        0                12

[250403 rows x 403 columns]>
2020-02-16 23:49:48,790 INFO Dropping excess columns...
2020-02-16 23:49:48,791 INFO {'HS_63', 'HS_31', 'EnergyPerAtom', 'HS_4', 'ValenceElectrons', 'FermiEnergy', 'TotalNumberOfFElectrons', 'Species', 'Energy', 'NumberOfAtoms', 'HS_63M', 'TotalNumberOfElectrons', 'Mirror', 'HS_3', 'GT_InsulatorDirectSpinPolarised', 'TotalNumberOfDOrbitals', 'HS_2', 'Glide', 'HS_61', 'HS_6', 'HS_4M', 'HS_I', 'HS_65', 'Volume', 'GT_InsulatorIndirectSpinPolarised', 'KSpace', 'TotalIonisationEnergy', 'TotalNumberOfPElectrons', 'Density', 'GT_Metal', 'TotalElectroNegativity', 'HS_4Bar', 'GT_HalfMetal', 'TotalNumberOfSOrbitals', 'GT_InsulatorIndirect', 'HS_32', 'TotalElectronAffinity', 'TotalNumberOfDElectrons', 'HS_62', 'HS_42', 'HS_6M', 'HS_42M', 'HS_2M', 'TotalNumberOfFOrbitals', 'HS_3Bar', 'TotalNumberOfPOrbitals', 'TotalAtomicWeight', 'HS_64', 'GT_InsulatorDirect', 'HS_4143', 'TotalChemicalPotential', 'TotalDensity', 'TotalNumberOfSElectrons', 'HS_6Bar', 'HS_21', 'HS_21M'}
2020-02-16 23:49:48,865 INFO Remaining columns to use:
2020-02-16 23:49:48,866 INFO ['Compound', 'H', 'He', 'Li', 'Be', 'B', 'C', 'N', 'O', 'F', 'Ne', 'Na', 'Mg', 'Al', 'Si', 'P', 'S', 'Cl', 'Ar', 'K', 'Ca', 'Sc', 'Ti', 'V', 'Cr', 'Mn', 'Fe', 'Co', 'Ni', 'Cu', 'Zn', 'Ga', 'Ge', 'As', 'Se', 'Br', 'Kr', 'Rb', 'Sr', 'Y', 'Zr', 'Nb', 'Mo', 'Tc', 'Ru', 'Rh', 'Pd', 'Ag', 'Cd', 'In', 'Sn', 'Sb', 'Te', 'I', 'Xe', 'Cs', 'Ba', 'La', 'Ce', 'Pr', 'Nd', 'Pm', 'Sm', 'Eu', 'Gd', 'Tb', 'Dy', 'Ho', 'Er', 'Tm', 'Yb', 'Lu', 'Hf', 'Ta', 'W', 'Re', 'Os', 'Ir', 'Pt', 'Au', 'Hg', 'Tl', 'Pb', 'Bi', 'Ac', 'Th', 'Pa', 'U', 'Pu', 'BandGap', 'GeometryA', 'GeometryB', 'GeometryC', 'GeometryAlpha', 'GeometryBeta', 'GeometryGamma', 'SG_1', 'SG_2', 'SG_3', 'SG_4', 'SG_5', 'SG_6', 'SG_7', 'SG_8', 'SG_9', 'SG_10', 'SG_11', 'SG_12', 'SG_13', 'SG_14', 'SG_15', 'SG_16', 'SG_17', 'SG_18', 'SG_19', 'SG_20', 'SG_21', 'SG_22', 'SG_23', 'SG_24', 'SG_25', 'SG_26', 'SG_27', 'SG_28', 'SG_29', 'SG_30', 'SG_31', 'SG_32', 'SG_33', 'SG_34', 'SG_35', 'SG_36', 'SG_37', 'SG_38', 'SG_39', 'SG_40', 'SG_41', 'SG_42', 'SG_43', 'SG_44', 'SG_45', 'SG_46', 'SG_47', 'SG_48', 'SG_50', 'SG_51', 'SG_52', 'SG_53', 'SG_54', 'SG_55', 'SG_56', 'SG_57', 'SG_58', 'SG_59', 'SG_60', 'SG_61', 'SG_62', 'SG_63', 'SG_64', 'SG_65', 'SG_66', 'SG_67', 'SG_68', 'SG_69', 'SG_70', 'SG_71', 'SG_72', 'SG_73', 'SG_74', 'SG_75', 'SG_76', 'SG_77', 'SG_78', 'SG_79', 'SG_80', 'SG_81', 'SG_82', 'SG_83', 'SG_84', 'SG_85', 'SG_86', 'SG_87', 'SG_88', 'SG_90', 'SG_91', 'SG_92', 'SG_95', 'SG_96', 'SG_97', 'SG_98', 'SG_99', 'SG_100', 'SG_102', 'SG_103', 'SG_104', 'SG_105', 'SG_106', 'SG_107', 'SG_108', 'SG_109', 'SG_110', 'SG_111', 'SG_112', 'SG_113', 'SG_114', 'SG_115', 'SG_116', 'SG_117', 'SG_118', 'SG_119', 'SG_120', 'SG_121', 'SG_122', 'SG_123', 'SG_124', 'SG_125', 'SG_126', 'SG_127', 'SG_128', 'SG_129', 'SG_130', 'SG_131', 'SG_132', 'SG_133', 'SG_134', 'SG_135', 'SG_136', 'SG_137', 'SG_138', 'SG_139', 'SG_140', 'SG_141', 'SG_142', 'SG_143', 'SG_144', 'SG_145', 'SG_146', 'SG_147', 'SG_148', 'SG_149', 'SG_150', 'SG_151', 'SG_152', 'SG_153', 'SG_154', 'SG_155', 'SG_156', 'SG_157', 'SG_158', 'SG_159', 'SG_160', 'SG_161', 'SG_162', 'SG_163', 'SG_164', 'SG_165', 'SG_166', 'SG_167', 'SG_169', 'SG_170', 'SG_171', 'SG_173', 'SG_174', 'SG_175', 'SG_176', 'SG_177', 'SG_178', 'SG_179', 'SG_180', 'SG_181', 'SG_182', 'SG_183', 'SG_184', 'SG_185', 'SG_186', 'SG_187', 'SG_188', 'SG_189', 'SG_190', 'SG_191', 'SG_192', 'SG_193', 'SG_194', 'SG_195', 'SG_196', 'SG_197', 'SG_198', 'SG_199', 'SG_200', 'SG_201', 'SG_202', 'SG_203', 'SG_204', 'SG_205', 'SG_206', 'SG_208', 'SG_210', 'SG_211', 'SG_212', 'SG_213', 'SG_214', 'SG_215', 'SG_216', 'SG_217', 'SG_218', 'SG_219', 'SG_220', 'SG_221', 'SG_222', 'SG_223', 'SG_224', 'SG_225', 'SG_226', 'SG_227', 'SG_229', 'SG_230']
2020-02-16 23:49:48,866 INFO 
2020-02-16 23:49:48,880 INFO Unique compounds = 114017
2020-02-17 01:10:48,850 INFO Mean Absolute Error = 0.045086
2020-02-17 01:10:48,854 INFO Root Mean Squared Error = 0.162154
2020-02-17 01:10:48,856 INFO R^2 = 0.974421
2020-02-17 01:10:48,865 INFO 0.00    0.000000
0.05    0.000000
0.10    0.000000
0.15    0.000000
0.20    0.000000
0.25    0.000000
0.30    0.000000
0.35    0.000001
0.40    0.000003
0.45    0.000008
0.50    0.000019
0.55    0.000046
0.60    0.000114
0.65    0.000275
0.70    0.000706
0.75    0.001988
0.80    0.007089
0.85    0.035874
0.90    0.127869
0.95    0.303880
1.00    7.419257
Name: AbsResidual, dtype: float64
2020-02-17 01:10:48,870 INFO 0.999000 Quantile Error = 1.590898
