2020-02-17 10:14:10,635 INFO Command Line Arguments:
2020-02-17 10:14:10,636 INFO 0: PAW_PBE_GapType_Classifier.py
2020-02-17 10:14:10,636 INFO 1: /home/595/ceb595/Experiments
2020-02-17 10:14:10,636 INFO 2: 2020-Feb-16_23-33-16-PAW_PBE_Reduced_HighSymmetry-v5.00.zip
2020-02-17 10:14:10,636 INFO 3: SpaceGroup
2020-02-17 10:14:10,636 INFO 4: 1000
2020-02-17 10:14:10,636 INFO 5: P
2020-02-17 10:14:10,636 INFO Root directory: /home/595/ceb595/Experiments
2020-02-17 10:14:10,636 INFO Data directory: /home/595/ceb595/Experiments/Data
2020-02-17 10:14:10,636 INFO Ouptut directory: /home/595/ceb595/Experiments/PAW_PBE_Reduced_HighSymmetry/v2/Prototyping/2020-02-17_10-14-10.632466
2020-02-17 10:14:10,636 INFO Data file: 2020-Feb-16_23-33-16-PAW_PBE_Reduced_HighSymmetry-v5.00.zip
2020-02-17 10:14:10,636 INFO Target columns: ['GT_HalfMetal', 'GT_InsulatorDirect', 'GT_InsulatorDirectSpinPolarised', 'GT_InsulatorIndirect', 'GT_InsulatorIndirectSpinPolarised', 'GT_Metal']
2020-02-17 10:14:10,636 INFO Number of columns to use: 345
2020-02-17 10:14:10,636 INFO Columns to use: ['Compound', 'In', 'SG_213', 'Tm', 'B', 'SG_53', 'Sc', 'SG_61', 'Xe', 'Ga', 'SG_88', 'SG_60', 'Nd', 'SG_79', 'Fm', 'Db', 'Mc', 'SG_138', 'SG_52', 'SG_118', 'SG_226', 'SG_164', 'Md', 'SG_45', 'SG_193', 'SG_110', 'SG_115', 'SG_12', 'SG_155', 'Hf', 'SG_114', 'SG_187', 'Rh', 'SG_100', 'SG_55', 'Br', 'GT_InsulatorIndirectSpinPolarised', 'SG_128', 'SG_211', 'SG_163', 'SG_20', 'Lv', 'Rg', 'SG_202', 'La', 'SG_4', 'SG_194', 'SG_90', 'SG_227', 'Si', 'Bk', 'SG_9', 'Sm', 'SG_104', 'SG_191', 'V', 'Yb', 'SG_210', 'SG_10', 'SG_174', 'Es', 'SG_106', 'Fl', 'Na', 'SG_26', 'Pr', 'SG_184', 'SG_40', 'Cd', 'Rn', 'Nh', 'Mn', 'SG_119', 'SG_27', 'SG_151', 'SG_14', 'GT_InsulatorDirect', 'H', 'Al', 'Pu', 'SG_221', 'SG_48', 'SG_185', 'SG_16', 'W', 'SG_65', 'Am', 'SG_217', 'SG_142', 'SG_230', 'SG_143', 'SG_136', 'SG_46', 'Fr', 'Mo', 'SG_212', 'SG_165', 'Sr', 'SG_95', 'SG_206', 'SG_112', 'SG_107', 'SG_122', 'SG_70', 'SG_71', 'F', 'SG_219', 'SG_1', 'SG_205', 'SG_196', 'SG_203', 'SG_66', 'SG_149', 'SG_80', 'SG_58', 'Co', 'SG_50', 'SG_180', 'SG_5', 'SG_42', 'SG_220', 'SG_19', 'SG_229', 'SG_120', 'Th', 'Ts', 'SG_82', 'SG_74', 'P', 'SG_8', 'SG_37', 'SG_6', 'SG_113', 'SG_98', 'N', 'SG_117', 'SG_87', 'SG_141', 'SG_85', 'SG_91', 'Lr', 'SG_11', 'SG_167', 'SG_24', 'SG_44', 'Os', 'Sb', 'Dy', 'SG_133', 'I', 'SG_188', 'At', 'SG_68', 'GT_InsulatorDirectSpinPolarised', 'Se', 'Ho', 'SG_148', 'Ne', 'Ds', 'Sg', 'SG_123', 'Zn', 'SG_73', 'Cs', 'Cu', 'SG_72', 'SG_135', 'Gd', 'SG_31', 'Rb', 'SG_198', 'SG_47', 'Ra', 'SG_197', 'Pt', 'As', 'SG_25', 'SG_179', 'SG_147', 'SG_32', 'Li', 'Ag', 'SG_190', 'Np', 'SG_162', 'SG_161', 'SG_105', 'SG_36', 'SG_154', 'Tb', 'SG_116', 'SG_43', 'Ti', 'GT_InsulatorIndirect', 'S', 'SG_215', 'SG_64', 'SG_160', 'Po', 'SG_34', 'SG_38', 'He', 'SG_124', 'SG_130', 'SG_109', 'SG_225', 'SG_224', 'Ac', 'SG_75', 'Ir', 'Ca', 'Be', 'SG_7', 'Lu', 'Te', 'No', 'SG_129', 'Re', 'SG_33', 'SG_111', 'SG_216', 'SG_200', 'GT_HalfMetal', 'SG_134', 'SG_39', 'SG_182', 'SG_127', 'SG_137', 'SG_56', 'SG_201', 'SG_131', 'SG_103', 'SG_195', 'Y', 'SG_62', 'SG_125', 'SG_218', 'Bi', 'SG_13', 'SG_153', 'SG_2', 'SG_15', 'SG_140', 'SG_41', 'Er', 'SG_21', 'SG_166', 'Au', 'Cr', 'SG_139', 'C', 'SG_189', 'Ba', 'SG_96', 'Cf', 'Sn', 'Mt', 'SG_102', 'Ge', 'Mg', 'SG_28', 'Pa', 'SG_108', 'Cm', 'Pb', 'SG_23', 'SG_99', 'SG_204', 'SG_178', 'SG_67', 'SG_222', 'Kr', 'SG_35', 'SG_156', 'Zr', 'SG_59', 'SG_76', 'SG_152', 'SG_78', 'SG_199', 'SG_30', 'SG_57', 'SG_150', 'SG_208', 'SG_192', 'SG_54', 'SG_77', 'SG_183', 'SG_158', 'SG_186', 'Hs', 'GT_Metal', 'Bh', 'K', 'SG_84', 'SG_175', 'Eu', 'SG_126', 'U', 'Ar', 'SG_145', 'SG_81', 'Ni', 'O', 'Hg', 'SG_144', 'SG_86', 'Fe', 'SG_69', 'SG_170', 'SG_223', 'SG_18', 'Og', 'Nb', 'SG_17', 'Tc', 'Ce', 'SG_146', 'SG_173', 'Pm', 'Tl', 'SG_29', 'Ru', 'SG_92', 'SG_214', 'SG_176', 'Ta', 'SG_22', 'Cl', 'SG_97', 'SG_63', 'SG_121', 'SG_132', 'SG_3', 'SG_159', 'Rf', 'SG_51', 'SG_171', 'SG_181', 'Pd', 'SG_177', 'SG_83', 'SG_169', 'Cn', 'SG_157']
2020-02-17 10:14:10,636 INFO Dataset: PAW_PBE_Reduced_HighSymmetry
2020-02-17 10:14:10,636 INFO Script version: 2
2020-02-17 10:14:10,636 INFO Test size: 0.3
2020-02-17 10:14:10,636 INFO Layer1U: 100
2020-02-17 10:14:10,636 INFO Layer2U: 50
2020-02-17 10:14:10,636 INFO Epochs: 1000
2020-02-17 10:14:10,636 INFO Batch size: 200
2020-02-17 10:14:10,636 INFO Model environment: EnvP
2020-02-17 10:14:16,627 INFO Dataset information:
2020-02-17 10:14:16,627 INFO ['Species', 'Compound', 'H', 'He', 'Li', 'Be', 'B', 'C', 'N', 'O', 'F', 'Ne', 'Na', 'Mg', 'Al', 'Si', 'P', 'S', 'Cl', 'Ar', 'K', 'Ca', 'Sc', 'Ti', 'V', 'Cr', 'Mn', 'Fe', 'Co', 'Ni', 'Cu', 'Zn', 'Ga', 'Ge', 'As', 'Se', 'Br', 'Kr', 'Rb', 'Sr', 'Y', 'Zr', 'Nb', 'Mo', 'Tc', 'Ru', 'Rh', 'Pd', 'Ag', 'Cd', 'In', 'Sn', 'Sb', 'Te', 'I', 'Xe', 'Cs', 'Ba', 'La', 'Ce', 'Pr', 'Nd', 'Pm', 'Sm', 'Eu', 'Gd', 'Tb', 'Dy', 'Ho', 'Er', 'Tm', 'Yb', 'Lu', 'Hf', 'Ta', 'W', 'Re', 'Os', 'Ir', 'Pt', 'Au', 'Hg', 'Tl', 'Pb', 'Bi', 'Po', 'At', 'Rn', 'Fr', 'Ra', 'Ac', 'Th', 'Pa', 'U', 'Np', 'Pu', 'Am', 'Cm', 'Bk', 'Cf', 'Es', 'Fm', 'Md', 'No', 'Lr', 'Rf', 'Db', 'Sg', 'Bh', 'Hs', 'Mt', 'Ds', 'Rg', 'Cn', 'Nh', 'Fl', 'Mc', 'Lv', 'Ts', 'Og', 'DftTypeName', 'BandGap', 'Density', 'Energy', 'EnergyPerAtom', 'FermiEnergy', 'GT_HalfMetal', 'GT_InsulatorDirect', 'GT_InsulatorDirectSpinPolarised', 'GT_InsulatorIndirect', 'GT_InsulatorIndirectSpinPolarised', 'GT_Metal', 'GeometryA', 'GeometryB', 'GeometryC', 'GeometryAlpha', 'GeometryBeta', 'GeometryGamma', 'KSpace', 'Volume', 'SG_1', 'SG_2', 'SG_3', 'SG_4', 'SG_5', 'SG_6', 'SG_7', 'SG_8', 'SG_9', 'SG_10', 'SG_11', 'SG_12', 'SG_13', 'SG_14', 'SG_15', 'SG_16', 'SG_17', 'SG_18', 'SG_19', 'SG_20', 'SG_21', 'SG_22', 'SG_23', 'SG_24', 'SG_25', 'SG_26', 'SG_27', 'SG_28', 'SG_29', 'SG_30', 'SG_31', 'SG_32', 'SG_33', 'SG_34', 'SG_35', 'SG_36', 'SG_37', 'SG_38', 'SG_39', 'SG_40', 'SG_41', 'SG_42', 'SG_43', 'SG_44', 'SG_45', 'SG_46', 'SG_47', 'SG_48', 'SG_50', 'SG_51', 'SG_52', 'SG_53', 'SG_54', 'SG_55', 'SG_56', 'SG_57', 'SG_58', 'SG_59', 'SG_60', 'SG_61', 'SG_62', 'SG_63', 'SG_64', 'SG_65', 'SG_66', 'SG_67', 'SG_68', 'SG_69', 'SG_70', 'SG_71', 'SG_72', 'SG_73', 'SG_74', 'SG_75', 'SG_76', 'SG_77', 'SG_78', 'SG_79', 'SG_80', 'SG_81', 'SG_82', 'SG_83', 'SG_84', 'SG_85', 'SG_86', 'SG_87', 'SG_88', 'SG_90', 'SG_91', 'SG_92', 'SG_95', 'SG_96', 'SG_97', 'SG_98', 'SG_99', 'SG_100', 'SG_102', 'SG_103', 'SG_104', 'SG_105', 'SG_106', 'SG_107', 'SG_108', 'SG_109', 'SG_110', 'SG_111', 'SG_112', 'SG_113', 'SG_114', 'SG_115', 'SG_116', 'SG_117', 'SG_118', 'SG_119', 'SG_120', 'SG_121', 'SG_122', 'SG_123', 'SG_124', 'SG_125', 'SG_126', 'SG_127', 'SG_128', 'SG_129', 'SG_130', 'SG_131', 'SG_132', 'SG_133', 'SG_134', 'SG_135', 'SG_136', 'SG_137', 'SG_138', 'SG_139', 'SG_140', 'SG_141', 'SG_142', 'SG_143', 'SG_144', 'SG_145', 'SG_146', 'SG_147', 'SG_148', 'SG_149', 'SG_150', 'SG_151', 'SG_152', 'SG_153', 'SG_154', 'SG_155', 'SG_156', 'SG_157', 'SG_158', 'SG_159', 'SG_160', 'SG_161', 'SG_162', 'SG_163', 'SG_164', 'SG_165', 'SG_166', 'SG_167', 'SG_169', 'SG_170', 'SG_171', 'SG_173', 'SG_174', 'SG_175', 'SG_176', 'SG_177', 'SG_178', 'SG_179', 'SG_180', 'SG_181', 'SG_182', 'SG_183', 'SG_184', 'SG_185', 'SG_186', 'SG_187', 'SG_188', 'SG_189', 'SG_190', 'SG_191', 'SG_192', 'SG_193', 'SG_194', 'SG_195', 'SG_196', 'SG_197', 'SG_198', 'SG_199', 'SG_200', 'SG_201', 'SG_202', 'SG_203', 'SG_204', 'SG_205', 'SG_206', 'SG_208', 'SG_210', 'SG_211', 'SG_212', 'SG_213', 'SG_214', 'SG_215', 'SG_216', 'SG_217', 'SG_218', 'SG_219', 'SG_220', 'SG_221', 'SG_222', 'SG_223', 'SG_224', 'SG_225', 'SG_226', 'SG_227', 'SG_229', 'SG_230', 'HS_I', 'HS_2', 'Mirror', 'HS_21', 'Glide', 'HS_4', 'HS_4143', 'HS_42', 'HS_4Bar', 'HS_2M', 'HS_21M', 'HS_4M', 'HS_42M', 'HS_3', 'HS_31', 'HS_32', 'HS_3Bar', 'HS_6', 'HS_61', 'HS_62', 'HS_63', 'HS_64', 'HS_65', 'HS_6Bar', 'HS_6M', 'HS_63M', 'NumberOfAtoms', 'TotalAtomicWeight', 'TotalChemicalPotential', 'TotalElectronAffinity', 'TotalElectroNegativity', 'TotalIonisationEnergy', 'TotalDensity', 'TotalNumberOfSOrbitals', 'TotalNumberOfPOrbitals', 'TotalNumberOfDOrbitals', 'TotalNumberOfFOrbitals', 'TotalNumberOfElectrons', 'TotalNumberOfSElectrons', 'TotalNumberOfPElectrons', 'TotalNumberOfDElectrons', 'TotalNumberOfFElectrons', 'ValenceElectrons']
2020-02-17 10:14:16,627 INFO 
2020-02-17 10:14:16,627 INFO (250403, 403)
2020-02-17 10:14:16,627 INFO <bound method NDFrame.head of        Species Compound  ...  TotalNumberOfFElectrons  ValenceElectrons
0           Ac      Ac1  ...                       14                 3
1           Ac      Ac1  ...                       14                 3
2           Ac      Ac1  ...                       14                 3
3           Ac      Ac1  ...                       14                 3
4           Ac      Ac1  ...                       14                 3
...        ...      ...  ...                      ...               ...
250398      Zr      Zr2  ...                        0                 6
250399      Zr      Zr2  ...                        0                 6
250400      Zr      Zr2  ...                        0                 6
250401      Zr      Zr3  ...                        0                 9
250402      Zr      Zr4  ...                        0                12

[250403 rows x 403 columns]>
2020-02-17 10:14:17,525 INFO Dropping excess columns...
2020-02-17 10:14:17,525 INFO {'Density', 'HS_4', 'GeometryC', 'HS_2', 'HS_21', 'TotalNumberOfDOrbitals', 'HS_65', 'ValenceElectrons', 'TotalElectroNegativity', 'HS_I', 'HS_21M', 'HS_62', 'HS_6Bar', 'FermiEnergy', 'HS_63M', 'GeometryB', 'Species', 'HS_4143', 'TotalNumberOfPOrbitals', 'HS_4M', 'HS_3', 'DftTypeName', 'HS_63', 'Glide', 'TotalDensity', 'GeometryBeta', 'TotalChemicalPotential', 'HS_31', 'TotalIonisationEnergy', 'TotalNumberOfSOrbitals', 'NumberOfAtoms', 'HS_2M', 'Mirror', 'HS_6M', 'TotalAtomicWeight', 'HS_61', 'TotalNumberOfFElectrons', 'BandGap', 'TotalNumberOfSElectrons', 'TotalElectronAffinity', 'GeometryAlpha', 'Energy', 'GeometryGamma', 'HS_64', 'HS_42', 'HS_6', 'TotalNumberOfDElectrons', 'TotalNumberOfElectrons', 'HS_42M', 'Volume', 'GeometryA', 'TotalNumberOfFOrbitals', 'KSpace', 'TotalNumberOfPElectrons', 'HS_4Bar', 'HS_3Bar', 'HS_32', 'EnergyPerAtom'}
2020-02-17 10:14:17,624 INFO Remaining columns to use:
2020-02-17 10:14:17,624 INFO ['Compound', 'H', 'He', 'Li', 'Be', 'B', 'C', 'N', 'O', 'F', 'Ne', 'Na', 'Mg', 'Al', 'Si', 'P', 'S', 'Cl', 'Ar', 'K', 'Ca', 'Sc', 'Ti', 'V', 'Cr', 'Mn', 'Fe', 'Co', 'Ni', 'Cu', 'Zn', 'Ga', 'Ge', 'As', 'Se', 'Br', 'Kr', 'Rb', 'Sr', 'Y', 'Zr', 'Nb', 'Mo', 'Tc', 'Ru', 'Rh', 'Pd', 'Ag', 'Cd', 'In', 'Sn', 'Sb', 'Te', 'I', 'Xe', 'Cs', 'Ba', 'La', 'Ce', 'Pr', 'Nd', 'Pm', 'Sm', 'Eu', 'Gd', 'Tb', 'Dy', 'Ho', 'Er', 'Tm', 'Yb', 'Lu', 'Hf', 'Ta', 'W', 'Re', 'Os', 'Ir', 'Pt', 'Au', 'Hg', 'Tl', 'Pb', 'Bi', 'Po', 'At', 'Rn', 'Fr', 'Ra', 'Ac', 'Th', 'Pa', 'U', 'Np', 'Pu', 'Am', 'Cm', 'Bk', 'Cf', 'Es', 'Fm', 'Md', 'No', 'Lr', 'Rf', 'Db', 'Sg', 'Bh', 'Hs', 'Mt', 'Ds', 'Rg', 'Cn', 'Nh', 'Fl', 'Mc', 'Lv', 'Ts', 'Og', 'GT_HalfMetal', 'GT_InsulatorDirect', 'GT_InsulatorDirectSpinPolarised', 'GT_InsulatorIndirect', 'GT_InsulatorIndirectSpinPolarised', 'GT_Metal', 'SG_1', 'SG_2', 'SG_3', 'SG_4', 'SG_5', 'SG_6', 'SG_7', 'SG_8', 'SG_9', 'SG_10', 'SG_11', 'SG_12', 'SG_13', 'SG_14', 'SG_15', 'SG_16', 'SG_17', 'SG_18', 'SG_19', 'SG_20', 'SG_21', 'SG_22', 'SG_23', 'SG_24', 'SG_25', 'SG_26', 'SG_27', 'SG_28', 'SG_29', 'SG_30', 'SG_31', 'SG_32', 'SG_33', 'SG_34', 'SG_35', 'SG_36', 'SG_37', 'SG_38', 'SG_39', 'SG_40', 'SG_41', 'SG_42', 'SG_43', 'SG_44', 'SG_45', 'SG_46', 'SG_47', 'SG_48', 'SG_50', 'SG_51', 'SG_52', 'SG_53', 'SG_54', 'SG_55', 'SG_56', 'SG_57', 'SG_58', 'SG_59', 'SG_60', 'SG_61', 'SG_62', 'SG_63', 'SG_64', 'SG_65', 'SG_66', 'SG_67', 'SG_68', 'SG_69', 'SG_70', 'SG_71', 'SG_72', 'SG_73', 'SG_74', 'SG_75', 'SG_76', 'SG_77', 'SG_78', 'SG_79', 'SG_80', 'SG_81', 'SG_82', 'SG_83', 'SG_84', 'SG_85', 'SG_86', 'SG_87', 'SG_88', 'SG_90', 'SG_91', 'SG_92', 'SG_95', 'SG_96', 'SG_97', 'SG_98', 'SG_99', 'SG_100', 'SG_102', 'SG_103', 'SG_104', 'SG_105', 'SG_106', 'SG_107', 'SG_108', 'SG_109', 'SG_110', 'SG_111', 'SG_112', 'SG_113', 'SG_114', 'SG_115', 'SG_116', 'SG_117', 'SG_118', 'SG_119', 'SG_120', 'SG_121', 'SG_122', 'SG_123', 'SG_124', 'SG_125', 'SG_126', 'SG_127', 'SG_128', 'SG_129', 'SG_130', 'SG_131', 'SG_132', 'SG_133', 'SG_134', 'SG_135', 'SG_136', 'SG_137', 'SG_138', 'SG_139', 'SG_140', 'SG_141', 'SG_142', 'SG_143', 'SG_144', 'SG_145', 'SG_146', 'SG_147', 'SG_148', 'SG_149', 'SG_150', 'SG_151', 'SG_152', 'SG_153', 'SG_154', 'SG_155', 'SG_156', 'SG_157', 'SG_158', 'SG_159', 'SG_160', 'SG_161', 'SG_162', 'SG_163', 'SG_164', 'SG_165', 'SG_166', 'SG_167', 'SG_169', 'SG_170', 'SG_171', 'SG_173', 'SG_174', 'SG_175', 'SG_176', 'SG_177', 'SG_178', 'SG_179', 'SG_180', 'SG_181', 'SG_182', 'SG_183', 'SG_184', 'SG_185', 'SG_186', 'SG_187', 'SG_188', 'SG_189', 'SG_190', 'SG_191', 'SG_192', 'SG_193', 'SG_194', 'SG_195', 'SG_196', 'SG_197', 'SG_198', 'SG_199', 'SG_200', 'SG_201', 'SG_202', 'SG_203', 'SG_204', 'SG_205', 'SG_206', 'SG_208', 'SG_210', 'SG_211', 'SG_212', 'SG_213', 'SG_214', 'SG_215', 'SG_216', 'SG_217', 'SG_218', 'SG_219', 'SG_220', 'SG_221', 'SG_222', 'SG_223', 'SG_224', 'SG_225', 'SG_226', 'SG_227', 'SG_229', 'SG_230']
2020-02-17 10:14:17,624 INFO 
2020-02-17 10:14:17,639 INFO Unique compounds = 114017
2020-02-17 10:14:24,634 INFO xScaled
2020-02-17 10:14:24,635 INFO (250403, 338)
2020-02-17 10:14:24,635 INFO 
2020-02-17 10:14:24,643 INFO yScaled
2020-02-17 10:14:24,643 INFO (250403, 6)
2020-02-17 10:14:24,643 INFO 
2020-02-17 22:03:39,765 INFO All Baseline: 93.16% (0.14%)
