2020-02-16 23:51:50,339 INFO Command Line Arguments:
2020-02-16 23:51:50,340 INFO 0: PAW_PBE_Reduced_HighSymmetry.py
2020-02-16 23:51:50,340 INFO 1: /home/595/ceb595/Experiments
2020-02-16 23:51:50,340 INFO 2: 2020-Feb-16_23-33-16-PAW_PBE_Reduced_HighSymmetry-v5.00.zip
2020-02-16 23:51:50,340 INFO 3: FermiEnergy
2020-02-16 23:51:50,340 INFO 4: Geometry
2020-02-16 23:51:50,340 INFO 5: 1000
2020-02-16 23:51:50,340 INFO 6: P
2020-02-16 23:51:50,340 INFO Root directory: /home/595/ceb595/Experiments
2020-02-16 23:51:50,340 INFO Data directory: /home/595/ceb595/Experiments/Data
2020-02-16 23:51:50,340 INFO Ouptut directory: /home/595/ceb595/Experiments/PAW_PBE_Reduced_HighSymmetry/v2/Prototyping/2020-02-16_23-51-50.335925
2020-02-16 23:51:50,340 INFO Data file: 2020-Feb-16_23-33-16-PAW_PBE_Reduced_HighSymmetry-v5.00.zip
2020-02-16 23:51:50,340 INFO Target column: FermiEnergy
2020-02-16 23:51:50,340 INFO Number of columns to use: 126
2020-02-16 23:51:50,340 INFO Columns to use: ['Compound', 'FermiEnergy', 'Hg', 'Sr', 'Ag', 'Yb', 'Be', 'C', 'In', 'GeometryA', 'Cn', 'Pu', 'Br', 'Bk', 'At', 'Fr', 'Se', 'Cm', 'V', 'Zr', 'Ti', 'Md', 'Tb', 'Rh', 'Rg', 'Po', 'Si', 'Zn', 'Ar', 'K', 'Mt', 'Ra', 'H', 'Mo', 'Pt', 'Mg', 'As', 'Os', 'Cf', 'Sb', 'I', 'Lr', 'Dy', 'Gd', 'Ts', 'Lu', 'P', 'Bh', 'Mn', 'N', 'Kr', 'Pa', 'Pm', 'Pr', 'Ho', 'Fl', 'S', 'Cu', 'Ce', 'Db', 'Lv', 'GeometryC', 'Al', 'Y', 'Cd', 'He', 'Es', 'Na', 'Ga', 'Re', 'Pd', 'Er', 'Np', 'Th', 'Fe', 'Ne', 'Ac', 'Tc', 'Am', 'Hs', 'Cs', 'Eu', 'U', 'Li', 'Og', 'Sg', 'Cr', 'Tl', 'Nb', 'Rf', 'Nd', 'Ca', 'GeometryAlpha', 'Sm', 'Fm', 'Ge', 'Hf', 'Nh', 'GeometryB', 'Te', 'Ni', 'Rb', 'Ta', 'Mc', 'Au', 'Ds', 'GeometryBeta', 'Sn', 'F', 'Co', 'Xe', 'Pb', 'Tm', 'W', 'Ru', 'Ba', 'Bi', 'GeometryGamma', 'Sc', 'Rn', 'O', 'Cl', 'Ir', 'B', 'La', 'No']
2020-02-16 23:51:50,340 INFO Dataset: PAW_PBE_Reduced_HighSymmetry
2020-02-16 23:51:50,340 INFO Script version: 2
2020-02-16 23:51:50,340 INFO Test size: 0.3
2020-02-16 23:51:50,340 INFO Layer1U: 100
2020-02-16 23:51:50,340 INFO Layer2U: 50
2020-02-16 23:51:50,340 INFO Epochs: 1000
2020-02-16 23:51:50,340 INFO Batch size: 200
2020-02-16 23:51:50,340 INFO Model environment: EnvP
2020-02-16 23:51:56,338 INFO Dataset columns:
2020-02-16 23:51:56,339 INFO ['Species', 'Compound', 'H', 'He', 'Li', 'Be', 'B', 'C', 'N', 'O', 'F', 'Ne', 'Na', 'Mg', 'Al', 'Si', 'P', 'S', 'Cl', 'Ar', 'K', 'Ca', 'Sc', 'Ti', 'V', 'Cr', 'Mn', 'Fe', 'Co', 'Ni', 'Cu', 'Zn', 'Ga', 'Ge', 'As', 'Se', 'Br', 'Kr', 'Rb', 'Sr', 'Y', 'Zr', 'Nb', 'Mo', 'Tc', 'Ru', 'Rh', 'Pd', 'Ag', 'Cd', 'In', 'Sn', 'Sb', 'Te', 'I', 'Xe', 'Cs', 'Ba', 'La', 'Ce', 'Pr', 'Nd', 'Pm', 'Sm', 'Eu', 'Gd', 'Tb', 'Dy', 'Ho', 'Er', 'Tm', 'Yb', 'Lu', 'Hf', 'Ta', 'W', 'Re', 'Os', 'Ir', 'Pt', 'Au', 'Hg', 'Tl', 'Pb', 'Bi', 'Po', 'At', 'Rn', 'Fr', 'Ra', 'Ac', 'Th', 'Pa', 'U', 'Np', 'Pu', 'Am', 'Cm', 'Bk', 'Cf', 'Es', 'Fm', 'Md', 'No', 'Lr', 'Rf', 'Db', 'Sg', 'Bh', 'Hs', 'Mt', 'Ds', 'Rg', 'Cn', 'Nh', 'Fl', 'Mc', 'Lv', 'Ts', 'Og', 'DftTypeName', 'BandGap', 'Density', 'Energy', 'EnergyPerAtom', 'FermiEnergy', 'GT_HalfMetal', 'GT_InsulatorDirect', 'GT_InsulatorDirectSpinPolarised', 'GT_InsulatorIndirect', 'GT_InsulatorIndirectSpinPolarised', 'GT_Metal', 'GeometryA', 'GeometryB', 'GeometryC', 'GeometryAlpha', 'GeometryBeta', 'GeometryGamma', 'KSpace', 'Volume', 'SG_1', 'SG_2', 'SG_3', 'SG_4', 'SG_5', 'SG_6', 'SG_7', 'SG_8', 'SG_9', 'SG_10', 'SG_11', 'SG_12', 'SG_13', 'SG_14', 'SG_15', 'SG_16', 'SG_17', 'SG_18', 'SG_19', 'SG_20', 'SG_21', 'SG_22', 'SG_23', 'SG_24', 'SG_25', 'SG_26', 'SG_27', 'SG_28', 'SG_29', 'SG_30', 'SG_31', 'SG_32', 'SG_33', 'SG_34', 'SG_35', 'SG_36', 'SG_37', 'SG_38', 'SG_39', 'SG_40', 'SG_41', 'SG_42', 'SG_43', 'SG_44', 'SG_45', 'SG_46', 'SG_47', 'SG_48', 'SG_50', 'SG_51', 'SG_52', 'SG_53', 'SG_54', 'SG_55', 'SG_56', 'SG_57', 'SG_58', 'SG_59', 'SG_60', 'SG_61', 'SG_62', 'SG_63', 'SG_64', 'SG_65', 'SG_66', 'SG_67', 'SG_68', 'SG_69', 'SG_70', 'SG_71', 'SG_72', 'SG_73', 'SG_74', 'SG_75', 'SG_76', 'SG_77', 'SG_78', 'SG_79', 'SG_80', 'SG_81', 'SG_82', 'SG_83', 'SG_84', 'SG_85', 'SG_86', 'SG_87', 'SG_88', 'SG_90', 'SG_91', 'SG_92', 'SG_95', 'SG_96', 'SG_97', 'SG_98', 'SG_99', 'SG_100', 'SG_102', 'SG_103', 'SG_104', 'SG_105', 'SG_106', 'SG_107', 'SG_108', 'SG_109', 'SG_110', 'SG_111', 'SG_112', 'SG_113', 'SG_114', 'SG_115', 'SG_116', 'SG_117', 'SG_118', 'SG_119', 'SG_120', 'SG_121', 'SG_122', 'SG_123', 'SG_124', 'SG_125', 'SG_126', 'SG_127', 'SG_128', 'SG_129', 'SG_130', 'SG_131', 'SG_132', 'SG_133', 'SG_134', 'SG_135', 'SG_136', 'SG_137', 'SG_138', 'SG_139', 'SG_140', 'SG_141', 'SG_142', 'SG_143', 'SG_144', 'SG_145', 'SG_146', 'SG_147', 'SG_148', 'SG_149', 'SG_150', 'SG_151', 'SG_152', 'SG_153', 'SG_154', 'SG_155', 'SG_156', 'SG_157', 'SG_158', 'SG_159', 'SG_160', 'SG_161', 'SG_162', 'SG_163', 'SG_164', 'SG_165', 'SG_166', 'SG_167', 'SG_169', 'SG_170', 'SG_171', 'SG_173', 'SG_174', 'SG_175', 'SG_176', 'SG_177', 'SG_178', 'SG_179', 'SG_180', 'SG_181', 'SG_182', 'SG_183', 'SG_184', 'SG_185', 'SG_186', 'SG_187', 'SG_188', 'SG_189', 'SG_190', 'SG_191', 'SG_192', 'SG_193', 'SG_194', 'SG_195', 'SG_196', 'SG_197', 'SG_198', 'SG_199', 'SG_200', 'SG_201', 'SG_202', 'SG_203', 'SG_204', 'SG_205', 'SG_206', 'SG_208', 'SG_210', 'SG_211', 'SG_212', 'SG_213', 'SG_214', 'SG_215', 'SG_216', 'SG_217', 'SG_218', 'SG_219', 'SG_220', 'SG_221', 'SG_222', 'SG_223', 'SG_224', 'SG_225', 'SG_226', 'SG_227', 'SG_229', 'SG_230', 'HS_I', 'HS_2', 'Mirror', 'HS_21', 'Glide', 'HS_4', 'HS_4143', 'HS_42', 'HS_4Bar', 'HS_2M', 'HS_21M', 'HS_4M', 'HS_42M', 'HS_3', 'HS_31', 'HS_32', 'HS_3Bar', 'HS_6', 'HS_61', 'HS_62', 'HS_63', 'HS_64', 'HS_65', 'HS_6Bar', 'HS_6M', 'HS_63M', 'NumberOfAtoms', 'TotalAtomicWeight', 'TotalChemicalPotential', 'TotalElectronAffinity', 'TotalElectroNegativity', 'TotalIonisationEnergy', 'TotalDensity', 'TotalNumberOfSOrbitals', 'TotalNumberOfPOrbitals', 'TotalNumberOfDOrbitals', 'TotalNumberOfFOrbitals', 'TotalNumberOfElectrons', 'TotalNumberOfSElectrons', 'TotalNumberOfPElectrons', 'TotalNumberOfDElectrons', 'TotalNumberOfFElectrons', 'ValenceElectrons']
2020-02-16 23:51:56,339 INFO 
2020-02-16 23:51:56,339 INFO (250403, 403)
2020-02-16 23:51:56,339 INFO <bound method NDFrame.head of        Species Compound  ...  TotalNumberOfFElectrons  ValenceElectrons
0           Ac      Ac1  ...                       14                 3
1           Ac      Ac1  ...                       14                 3
2           Ac      Ac1  ...                       14                 3
3           Ac      Ac1  ...                       14                 3
4           Ac      Ac1  ...                       14                 3
...        ...      ...  ...                      ...               ...
250398      Zr      Zr2  ...                        0                 6
250399      Zr      Zr2  ...                        0                 6
250400      Zr      Zr2  ...                        0                 6
250401      Zr      Zr3  ...                        0                 9
250402      Zr      Zr4  ...                        0                12

[250403 rows x 403 columns]>
2020-02-16 23:52:04,729 INFO Dropping excess columns...
2020-02-16 23:52:04,730 INFO {'SG_117', 'SG_162', 'SG_107', 'SG_104', 'SG_98', 'SG_42', 'HS_32', 'SG_54', 'SG_173', 'SG_105', 'HS_3Bar', 'SG_167', 'SG_135', 'SG_189', 'SG_229', 'SG_7', 'SG_139', 'SG_227', 'SG_124', 'SG_214', 'SG_96', 'SG_71', 'SG_151', 'SG_81', 'HS_4Bar', 'SG_144', 'HS_6Bar', 'HS_42M', 'TotalNumberOfDOrbitals', 'HS_21', 'SG_178', 'SG_38', 'SG_6', 'SG_170', 'SG_134', 'SG_156', 'SG_161', 'SG_102', 'SG_30', 'SG_88', 'HS_64', 'SG_53', 'SG_169', 'SG_152', 'SG_67', 'SG_179', 'SG_32', 'SG_19', 'SG_141', 'SG_204', 'SG_99', 'SG_195', 'KSpace', 'HS_62', 'SG_147', 'SG_24', 'GT_Metal', 'SG_111', 'SG_83', 'SG_155', 'TotalNumberOfFElectrons', 'SG_110', 'HS_61', 'SG_165', 'SG_52', 'SG_137', 'SG_65', 'SG_109', 'SG_26', 'SG_75', 'SG_136', 'SG_76', 'TotalAtomicWeight', 'SG_84', 'SG_87', 'HS_6', 'SG_31', 'SG_217', 'SG_163', 'SG_106', 'SG_108', 'SG_146', 'SG_44', 'TotalNumberOfPElectrons', 'SG_86', 'HS_4', 'TotalIonisationEnergy', 'SG_5', 'Energy', 'SG_150', 'SG_210', 'SG_181', 'SG_211', 'SG_11', 'SG_175', 'SG_14', 'SG_25', 'SG_41', 'SG_68', 'Glide', 'SG_174', 'SG_186', 'SG_183', 'SG_23', 'SG_95', 'Volume', 'SG_34', 'HS_3', 'SG_72', 'SG_153', 'SG_224', 'SG_208', 'GT_InsulatorDirect', 'SG_216', 'SG_48', 'SG_142', 'SG_140', 'HS_63M', 'SG_113', 'SG_164', 'SG_18', 'TotalNumberOfDElectrons', 'SG_129', 'SG_159', 'HS_4143', 'SG_118', 'TotalNumberOfPOrbitals', 'SG_219', 'SG_36', 'GT_InsulatorIndirectSpinPolarised', 'SG_145', 'SG_77', 'SG_10', 'TotalNumberOfFOrbitals', 'SG_28', 'SG_27', 'EnergyPerAtom', 'SG_8', 'SG_85', 'SG_215', 'SG_12', 'SG_35', 'BandGap', 'Density', 'SG_171', 'SG_149', 'SG_45', 'HS_42', 'SG_74', 'SG_123', 'NumberOfAtoms', 'SG_131', 'SG_62', 'SG_15', 'SG_176', 'SG_20', 'SG_125', 'HS_6M', 'TotalDensity', 'Species', 'SG_50', 'SG_46', 'SG_220', 'SG_130', 'SG_55', 'SG_212', 'SG_17', 'HS_65', 'SG_120', 'SG_184', 'SG_43', 'SG_97', 'SG_190', 'SG_40', 'SG_70', 'ValenceElectrons', 'SG_64', 'SG_112', 'SG_4', 'HS_63', 'SG_21', 'SG_143', 'SG_166', 'SG_63', 'SG_103', 'SG_22', 'TotalNumberOfSOrbitals', 'SG_132', 'SG_122', 'HS_2M', 'SG_192', 'SG_61', 'SG_1', 'SG_92', 'TotalChemicalPotential', 'SG_73', 'SG_205', 'SG_80', 'SG_119', 'SG_100', 'HS_I', 'SG_127', 'SG_39', 'SG_226', 'SG_47', 'SG_199', 'SG_148', 'SG_79', 'HS_4M', 'SG_196', 'SG_29', 'SG_221', 'SG_154', 'TotalElectroNegativity', 'SG_225', 'SG_213', 'SG_206', 'TotalNumberOfSElectrons', 'SG_59', 'SG_230', 'SG_191', 'SG_133', 'SG_197', 'SG_203', 'SG_82', 'SG_158', 'SG_202', 'SG_9', 'SG_187', 'SG_218', 'SG_182', 'SG_33', 'SG_115', 'SG_200', 'SG_58', 'TotalNumberOfElectrons', 'SG_91', 'HS_31', 'SG_3', 'SG_69', 'SG_138', 'SG_37', 'SG_126', 'SG_90', 'TotalElectronAffinity', 'GT_InsulatorIndirect', 'SG_201', 'SG_188', 'SG_223', 'SG_185', 'SG_78', 'SG_180', 'HS_21M', 'SG_222', 'SG_193', 'SG_198', 'Mirror', 'SG_194', 'GT_InsulatorDirectSpinPolarised', 'SG_51', 'SG_116', 'SG_13', 'SG_114', 'SG_66', 'HS_2', 'GT_HalfMetal', 'SG_57', 'SG_16', 'SG_56', 'SG_2', 'SG_177', 'SG_128', 'SG_121', 'SG_160', 'SG_60', 'SG_157'}
2020-02-16 23:52:04,783 INFO Remaining columns to use:
2020-02-16 23:52:04,783 INFO ['Compound', 'H', 'He', 'Li', 'Be', 'B', 'C', 'N', 'O', 'F', 'Ne', 'Na', 'Mg', 'Al', 'Si', 'P', 'S', 'Cl', 'Ar', 'K', 'Ca', 'Sc', 'Ti', 'V', 'Cr', 'Mn', 'Fe', 'Co', 'Ni', 'Cu', 'Zn', 'Ga', 'Ge', 'As', 'Se', 'Br', 'Kr', 'Rb', 'Sr', 'Y', 'Zr', 'Nb', 'Mo', 'Tc', 'Ru', 'Rh', 'Pd', 'Ag', 'Cd', 'In', 'Sn', 'Sb', 'Te', 'I', 'Xe', 'Cs', 'Ba', 'La', 'Ce', 'Pr', 'Nd', 'Pm', 'Sm', 'Eu', 'Gd', 'Tb', 'Dy', 'Ho', 'Er', 'Tm', 'Yb', 'Lu', 'Hf', 'Ta', 'W', 'Re', 'Os', 'Ir', 'Pt', 'Au', 'Hg', 'Tl', 'Pb', 'Bi', 'Ac', 'Th', 'Pa', 'U', 'Pu', 'FermiEnergy', 'GeometryA', 'GeometryB', 'GeometryC', 'GeometryAlpha', 'GeometryBeta', 'GeometryGamma']
2020-02-16 23:52:04,783 INFO 
2020-02-16 23:52:04,797 INFO Unique compounds = 114017
2020-02-17 00:53:50,777 INFO Mean Absolute Error = 0.308781
2020-02-17 00:53:50,779 INFO Root Mean Squared Error = 0.392329
2020-02-17 00:53:50,781 INFO R^2 = 0.974224
2020-02-17 00:53:50,789 INFO 0.00    0.000003
0.05    0.028819
0.10    0.057542
0.15    0.085325
0.20    0.112374
0.25    0.138491
0.30    0.164864
0.35    0.190733
0.40    0.217424
0.45    0.243704
0.50    0.270432
0.55    0.298127
0.60    0.326250
0.65    0.355955
0.70    0.388100
0.75    0.423314
0.80    0.464081
0.85    0.514497
0.90    0.584224
0.95    0.706919
1.00    8.095780
Name: AbsResidual, dtype: float64
2020-02-17 00:53:50,794 INFO 0.999000 Quantile Error = 2.141287
