2021-05-02 14:48:40,772 INFO Command Line Arguments:
2021-05-02 14:48:40,773 INFO 0: PAW_PBE_Reduced_HighSymmetry.py
2021-05-02 14:48:40,773 INFO 1: /home/595/ceb595/Experiments
2021-05-02 14:48:40,773 INFO 2: 2020-Feb-16_23-33-16-PAW_PBE_Reduced_HighSymmetry-v5.00.zip
2021-05-02 14:48:40,773 INFO 3: BandGap
2021-05-02 14:48:40,773 INFO 4: SpaceGroup,HighSymmetry,Derived
2021-05-02 14:48:40,773 INFO 5: 300
2021-05-02 14:48:40,773 INFO 6: T
2021-05-02 14:48:40,773 INFO Root directory: /home/595/ceb595/Experiments
2021-05-02 14:48:40,773 INFO Data directory: /home/595/ceb595/Experiments/Data
2021-05-02 14:48:40,773 INFO Ouptut directory: /home/595/ceb595/Experiments/PAW_PBE_Reduced_HighSymmetry/v2/Prototyping/2021-05-02_14-48-40.769226
2021-05-02 14:48:40,773 INFO Data file: 2020-Feb-16_23-33-16-PAW_PBE_Reduced_HighSymmetry-v5.00.zip
2021-05-02 14:48:40,773 INFO Target column: BandGap
2021-05-02 14:48:40,773 INFO Number of columns to use: 383
2021-05-02 14:48:40,773 INFO Columns to use: ['Compound', 'BandGap', 'Nb', 'Am', 'SG_20', 'SG_100', 'SG_149', 'SG_120', 'SG_68', 'SG_72', 'Hs', 'SG_216', 'SG_15', 'Ac', 'SG_62', 'HS_3', 'SG_201', 'SG_181', 'S', 'Es', 'TotalElectroNegativity', 'SG_197', 'Al', 'Nd', 'SG_108', 'SG_159', 'SG_111', 'SG_110', 'SG_121', 'SG_31', 'TotalAtomicWeight', 'SG_191', 'SG_52', 'Po', 'Xe', 'SG_167', 'SG_38', 'N', 'Rh', 'Sc', 'SG_104', 'SG_175', 'SG_14', 'HS_3Bar', 'Ne', 'SG_13', 'Dy', 'SG_60', 'Ds', 'Zn', 'SG_25', 'Sb', 'SG_128', 'SG_178', 'HS_42M', 'V', 'ValenceElectrons', 'Gd', 'SG_205', 'La', 'Ru', 'SG_177', 'Fe', 'SG_123', 'SG_227', 'Cl', 'TotalNumberOfDElectrons', 'Nh', 'SG_105', 'SG_185', 'Ra', 'SG_117', 'Md', 'TotalChemicalPotential', 'Na', 'Mt', 'SG_212', 'In', 'TotalNumberOfSElectrons', 'SG_144', 'Cd', 'Mirror', 'SG_96', 'SG_226', 'Zr', 'SG_63', 'SG_6', 'SG_188', 'Ag', 'SG_224', 'Sm', 'SG_190', 'SG_45', 'TotalNumberOfPElectrons', 'HS_21', 'SG_90', 'HS_4', 'Mc', 'HS_64', 'SG_118', 'SG_17', 'SG_21', 'SG_73', 'No', 'Og', 'Fm', 'SG_88', 'U', 'Lr', 'TotalNumberOfDOrbitals', 'Ge', 'SG_92', 'HS_6Bar', 'SG_182', 'SG_195', 'SG_124', 'SG_103', 'HS_I', 'SG_59', 'SG_70', 'SG_27', 'SG_56', 'SG_142', 'SG_146', 'SG_165', 'Mo', 'SG_152', 'SG_69', 'P', 'Fr', 'SG_138', 'SG_136', 'HS_63M', 'SG_51', 'SG_223', 'SG_125', 'SG_22', 'Cr', 'SG_219', 'Au', 'SG_126', 'SG_78', 'SG_26', 'Li', 'Yb', 'Fl', 'SG_147', 'W', 'Ar', 'SG_30', 'SG_155', 'SG_180', 'HS_62', 'SG_143', 'SG_54', 'SG_162', 'Sn', 'Ca', 'SG_131', 'HS_32', 'HS_61', 'Ir', 'SG_141', 'Co', 'Y', 'SG_99', 'He', 'SG_116', 'SG_82', 'SG_222', 'SG_76', 'SG_87', 'SG_95', 'Lu', 'SG_140', 'SG_34', 'Cu', 'SG_204', 'SG_58', 'Np', 'SG_202', 'Hf', 'HS_4M', 'SG_16', 'SG_156', 'SG_217', 'NumberOfAtoms', 'O', 'Ba', 'SG_153', 'Ga', 'Rg', 'SG_196', 'SG_83', 'SG_163', 'SG_36', 'SG_48', 'Be', 'SG_173', 'SG_55', 'Pu', 'SG_106', 'SG_79', 'F', 'SG_148', 'SG_170', 'HS_4Bar', 'Os', 'SG_24', 'SG_85', 'Mn', 'SG_33', 'Tm', 'SG_91', 'SG_221', 'Ta', 'SG_102', 'SG_139', 'Ni', 'Rn', 'SG_2', 'SG_32', 'SG_64', 'SG_29', 'Ce', 'SG_183', 'SG_206', 'SG_98', 'Rb', 'SG_179', 'SG_11', 'HS_21M', 'SG_10', 'SG_208', 'Cs', 'SG_75', 'Tl', 'SG_230', 'SG_86', 'C', 'SG_194', 'SG_199', 'SG_176', 'Bk', 'SG_44', 'SG_225', 'SG_37', 'TotalNumberOfFElectrons', 'SG_113', 'HS_2M', 'TotalNumberOfPOrbitals', 'Br', 'Bh', 'SG_174', 'B', 'SG_200', 'Cn', 'At', 'SG_169', 'SG_150', 'Db', 'Cm', 'Ti', 'TotalElectronAffinity', 'SG_84', 'HS_6M', 'SG_189', 'HS_65', 'TotalIonisationEnergy', 'SG_129', 'SG_53', 'SG_35', 'SG_134', 'SG_145', 'SG_154', 'Cf', 'Lv', 'SG_151', 'SG_4', 'SG_3', 'HS_6', 'Kr', 'I', 'SG_107', 'SG_215', 'SG_7', 'Th', 'HS_42', 'SG_115', 'SG_122', 'SG_112', 'HS_31', 'Pb', 'Ts', 'SG_50', 'SG_187', 'TotalDensity', 'SG_40', 'HS_63', 'SG_218', 'SG_171', 'SG_164', 'SG_135', 'SG_157', 'SG_1', 'SG_5', 'Eu', 'SG_23', 'SG_210', 'As', 'SG_12', 'SG_114', 'SG_97', 'Hg', 'Rf', 'SG_109', 'SG_192', 'Sg', 'SG_132', 'Pd', 'SG_81', 'Tb', 'SG_28', 'SG_67', 'SG_186', 'SG_229', 'SG_119', 'TotalNumberOfElectrons', 'Pa', 'SG_77', 'SG_19', 'SG_43', 'SG_133', 'HS_4143', 'Sr', 'SG_8', 'TotalNumberOfSOrbitals', 'SG_39', 'SG_41', 'Pt', 'SG_220', 'SG_184', 'TotalNumberOfFOrbitals', 'SG_158', 'SG_166', 'SG_9', 'SG_74', 'Bi', 'HS_2', 'SG_127', 'Pr', 'SG_161', 'SG_203', 'Tc', 'Se', 'SG_213', 'SG_66', 'Si', 'SG_47', 'H', 'SG_137', 'SG_61', 'SG_46', 'Te', 'SG_198', 'SG_193', 'SG_42', 'SG_18', 'SG_130', 'SG_65', 'Glide', 'SG_57', 'Mg', 'SG_160', 'SG_211', 'SG_71', 'SG_214', 'Re', 'Pm', 'Ho', 'Er', 'K', 'SG_80']
2021-05-02 14:48:40,773 INFO Dataset: PAW_PBE_Reduced_HighSymmetry
2021-05-02 14:48:40,773 INFO Script version: 2
2021-05-02 14:48:40,773 INFO Test size: 0.3
2021-05-02 14:48:40,773 INFO Layer1U: 100
2021-05-02 14:48:40,773 INFO Layer2U: 50
2021-05-02 14:48:40,773 INFO Epochs: 300
2021-05-02 14:48:40,773 INFO Batch size: 200
2021-05-02 14:48:40,773 INFO Model environment: EnvT
2021-05-02 14:48:47,252 INFO Dataset columns:
2021-05-02 14:48:47,253 INFO ['Species', 'Compound', 'H', 'He', 'Li', 'Be', 'B', 'C', 'N', 'O', 'F', 'Ne', 'Na', 'Mg', 'Al', 'Si', 'P', 'S', 'Cl', 'Ar', 'K', 'Ca', 'Sc', 'Ti', 'V', 'Cr', 'Mn', 'Fe', 'Co', 'Ni', 'Cu', 'Zn', 'Ga', 'Ge', 'As', 'Se', 'Br', 'Kr', 'Rb', 'Sr', 'Y', 'Zr', 'Nb', 'Mo', 'Tc', 'Ru', 'Rh', 'Pd', 'Ag', 'Cd', 'In', 'Sn', 'Sb', 'Te', 'I', 'Xe', 'Cs', 'Ba', 'La', 'Ce', 'Pr', 'Nd', 'Pm', 'Sm', 'Eu', 'Gd', 'Tb', 'Dy', 'Ho', 'Er', 'Tm', 'Yb', 'Lu', 'Hf', 'Ta', 'W', 'Re', 'Os', 'Ir', 'Pt', 'Au', 'Hg', 'Tl', 'Pb', 'Bi', 'Po', 'At', 'Rn', 'Fr', 'Ra', 'Ac', 'Th', 'Pa', 'U', 'Np', 'Pu', 'Am', 'Cm', 'Bk', 'Cf', 'Es', 'Fm', 'Md', 'No', 'Lr', 'Rf', 'Db', 'Sg', 'Bh', 'Hs', 'Mt', 'Ds', 'Rg', 'Cn', 'Nh', 'Fl', 'Mc', 'Lv', 'Ts', 'Og', 'DftTypeName', 'BandGap', 'Density', 'Energy', 'EnergyPerAtom', 'FermiEnergy', 'GT_HalfMetal', 'GT_InsulatorDirect', 'GT_InsulatorDirectSpinPolarised', 'GT_InsulatorIndirect', 'GT_InsulatorIndirectSpinPolarised', 'GT_Metal', 'GeometryA', 'GeometryB', 'GeometryC', 'GeometryAlpha', 'GeometryBeta', 'GeometryGamma', 'KSpace', 'Volume', 'SG_1', 'SG_2', 'SG_3', 'SG_4', 'SG_5', 'SG_6', 'SG_7', 'SG_8', 'SG_9', 'SG_10', 'SG_11', 'SG_12', 'SG_13', 'SG_14', 'SG_15', 'SG_16', 'SG_17', 'SG_18', 'SG_19', 'SG_20', 'SG_21', 'SG_22', 'SG_23', 'SG_24', 'SG_25', 'SG_26', 'SG_27', 'SG_28', 'SG_29', 'SG_30', 'SG_31', 'SG_32', 'SG_33', 'SG_34', 'SG_35', 'SG_36', 'SG_37', 'SG_38', 'SG_39', 'SG_40', 'SG_41', 'SG_42', 'SG_43', 'SG_44', 'SG_45', 'SG_46', 'SG_47', 'SG_48', 'SG_50', 'SG_51', 'SG_52', 'SG_53', 'SG_54', 'SG_55', 'SG_56', 'SG_57', 'SG_58', 'SG_59', 'SG_60', 'SG_61', 'SG_62', 'SG_63', 'SG_64', 'SG_65', 'SG_66', 'SG_67', 'SG_68', 'SG_69', 'SG_70', 'SG_71', 'SG_72', 'SG_73', 'SG_74', 'SG_75', 'SG_76', 'SG_77', 'SG_78', 'SG_79', 'SG_80', 'SG_81', 'SG_82', 'SG_83', 'SG_84', 'SG_85', 'SG_86', 'SG_87', 'SG_88', 'SG_90', 'SG_91', 'SG_92', 'SG_95', 'SG_96', 'SG_97', 'SG_98', 'SG_99', 'SG_100', 'SG_102', 'SG_103', 'SG_104', 'SG_105', 'SG_106', 'SG_107', 'SG_108', 'SG_109', 'SG_110', 'SG_111', 'SG_112', 'SG_113', 'SG_114', 'SG_115', 'SG_116', 'SG_117', 'SG_118', 'SG_119', 'SG_120', 'SG_121', 'SG_122', 'SG_123', 'SG_124', 'SG_125', 'SG_126', 'SG_127', 'SG_128', 'SG_129', 'SG_130', 'SG_131', 'SG_132', 'SG_133', 'SG_134', 'SG_135', 'SG_136', 'SG_137', 'SG_138', 'SG_139', 'SG_140', 'SG_141', 'SG_142', 'SG_143', 'SG_144', 'SG_145', 'SG_146', 'SG_147', 'SG_148', 'SG_149', 'SG_150', 'SG_151', 'SG_152', 'SG_153', 'SG_154', 'SG_155', 'SG_156', 'SG_157', 'SG_158', 'SG_159', 'SG_160', 'SG_161', 'SG_162', 'SG_163', 'SG_164', 'SG_165', 'SG_166', 'SG_167', 'SG_169', 'SG_170', 'SG_171', 'SG_173', 'SG_174', 'SG_175', 'SG_176', 'SG_177', 'SG_178', 'SG_179', 'SG_180', 'SG_181', 'SG_182', 'SG_183', 'SG_184', 'SG_185', 'SG_186', 'SG_187', 'SG_188', 'SG_189', 'SG_190', 'SG_191', 'SG_192', 'SG_193', 'SG_194', 'SG_195', 'SG_196', 'SG_197', 'SG_198', 'SG_199', 'SG_200', 'SG_201', 'SG_202', 'SG_203', 'SG_204', 'SG_205', 'SG_206', 'SG_208', 'SG_210', 'SG_211', 'SG_212', 'SG_213', 'SG_214', 'SG_215', 'SG_216', 'SG_217', 'SG_218', 'SG_219', 'SG_220', 'SG_221', 'SG_222', 'SG_223', 'SG_224', 'SG_225', 'SG_226', 'SG_227', 'SG_229', 'SG_230', 'HS_I', 'HS_2', 'Mirror', 'HS_21', 'Glide', 'HS_4', 'HS_4143', 'HS_42', 'HS_4Bar', 'HS_2M', 'HS_21M', 'HS_4M', 'HS_42M', 'HS_3', 'HS_31', 'HS_32', 'HS_3Bar', 'HS_6', 'HS_61', 'HS_62', 'HS_63', 'HS_64', 'HS_65', 'HS_6Bar', 'HS_6M', 'HS_63M', 'NumberOfAtoms', 'TotalAtomicWeight', 'TotalChemicalPotential', 'TotalElectronAffinity', 'TotalElectroNegativity', 'TotalIonisationEnergy', 'TotalDensity', 'TotalNumberOfSOrbitals', 'TotalNumberOfPOrbitals', 'TotalNumberOfDOrbitals', 'TotalNumberOfFOrbitals', 'TotalNumberOfElectrons', 'TotalNumberOfSElectrons', 'TotalNumberOfPElectrons', 'TotalNumberOfDElectrons', 'TotalNumberOfFElectrons', 'ValenceElectrons']
2021-05-02 14:48:47,253 INFO 
2021-05-02 14:48:47,253 INFO (250403, 403)
2021-05-02 14:48:47,253 INFO <bound method NDFrame.head of        Species Compound  ...  TotalNumberOfFElectrons  ValenceElectrons
0           Ac      Ac1  ...                       14                 3
1           Ac      Ac1  ...                       14                 3
2           Ac      Ac1  ...                       14                 3
3           Ac      Ac1  ...                       14                 3
4           Ac      Ac1  ...                       14                 3
...        ...      ...  ...                      ...               ...
250398      Zr      Zr2  ...                        0                 6
250399      Zr      Zr2  ...                        0                 6
250400      Zr      Zr2  ...                        0                 6
250401      Zr      Zr3  ...                        0                 9
250402      Zr      Zr4  ...                        0                12

[250403 rows x 403 columns]>
2021-05-02 14:48:55,840 INFO Dropping excess columns...
2021-05-02 14:48:55,841 INFO {'KSpace', 'Volume', 'GT_InsulatorIndirect', 'EnergyPerAtom', 'GeometryB', 'GeometryAlpha', 'Species', 'Density', 'GeometryC', 'GeometryGamma', 'GT_InsulatorDirectSpinPolarised', 'GT_HalfMetal', 'GeometryA', 'Energy', 'GeometryBeta', 'GT_InsulatorDirect', 'GT_Metal', 'GT_InsulatorIndirectSpinPolarised', 'FermiEnergy'}
2021-05-02 14:48:55,925 INFO Remaining columns to use:
2021-05-02 14:48:55,925 INFO ['Compound', 'H', 'He', 'Li', 'Be', 'B', 'C', 'N', 'O', 'F', 'Ne', 'Na', 'Mg', 'Al', 'Si', 'P', 'S', 'Cl', 'Ar', 'K', 'Ca', 'Sc', 'Ti', 'V', 'Cr', 'Mn', 'Fe', 'Co', 'Ni', 'Cu', 'Zn', 'Ga', 'Ge', 'As', 'Se', 'Br', 'Kr', 'Rb', 'Sr', 'Y', 'Zr', 'Nb', 'Mo', 'Tc', 'Ru', 'Rh', 'Pd', 'Ag', 'Cd', 'In', 'Sn', 'Sb', 'Te', 'I', 'Xe', 'Cs', 'Ba', 'La', 'Ce', 'Pr', 'Nd', 'Pm', 'Sm', 'Eu', 'Gd', 'Tb', 'Dy', 'Ho', 'Er', 'Tm', 'Yb', 'Lu', 'Hf', 'Ta', 'W', 'Re', 'Os', 'Ir', 'Pt', 'Au', 'Hg', 'Tl', 'Pb', 'Bi', 'Ac', 'Th', 'Pa', 'U', 'Pu', 'BandGap', 'SG_1', 'SG_2', 'SG_3', 'SG_4', 'SG_5', 'SG_6', 'SG_7', 'SG_8', 'SG_9', 'SG_10', 'SG_11', 'SG_12', 'SG_13', 'SG_14', 'SG_15', 'SG_16', 'SG_17', 'SG_18', 'SG_19', 'SG_20', 'SG_21', 'SG_22', 'SG_23', 'SG_24', 'SG_25', 'SG_26', 'SG_27', 'SG_28', 'SG_29', 'SG_30', 'SG_31', 'SG_32', 'SG_33', 'SG_34', 'SG_35', 'SG_36', 'SG_37', 'SG_38', 'SG_39', 'SG_40', 'SG_41', 'SG_42', 'SG_43', 'SG_44', 'SG_45', 'SG_46', 'SG_47', 'SG_48', 'SG_50', 'SG_51', 'SG_52', 'SG_53', 'SG_54', 'SG_55', 'SG_56', 'SG_57', 'SG_58', 'SG_59', 'SG_60', 'SG_61', 'SG_62', 'SG_63', 'SG_64', 'SG_65', 'SG_66', 'SG_67', 'SG_68', 'SG_69', 'SG_70', 'SG_71', 'SG_72', 'SG_73', 'SG_74', 'SG_75', 'SG_76', 'SG_77', 'SG_78', 'SG_79', 'SG_80', 'SG_81', 'SG_82', 'SG_83', 'SG_84', 'SG_85', 'SG_86', 'SG_87', 'SG_88', 'SG_90', 'SG_91', 'SG_92', 'SG_95', 'SG_96', 'SG_97', 'SG_98', 'SG_99', 'SG_100', 'SG_102', 'SG_103', 'SG_104', 'SG_105', 'SG_106', 'SG_107', 'SG_108', 'SG_109', 'SG_110', 'SG_111', 'SG_112', 'SG_113', 'SG_114', 'SG_115', 'SG_116', 'SG_117', 'SG_118', 'SG_119', 'SG_120', 'SG_121', 'SG_122', 'SG_123', 'SG_124', 'SG_125', 'SG_126', 'SG_127', 'SG_128', 'SG_129', 'SG_130', 'SG_131', 'SG_132', 'SG_133', 'SG_134', 'SG_135', 'SG_136', 'SG_137', 'SG_138', 'SG_139', 'SG_140', 'SG_141', 'SG_142', 'SG_143', 'SG_144', 'SG_145', 'SG_146', 'SG_147', 'SG_148', 'SG_149', 'SG_150', 'SG_151', 'SG_152', 'SG_153', 'SG_154', 'SG_155', 'SG_156', 'SG_157', 'SG_158', 'SG_159', 'SG_160', 'SG_161', 'SG_162', 'SG_163', 'SG_164', 'SG_165', 'SG_166', 'SG_167', 'SG_169', 'SG_170', 'SG_171', 'SG_173', 'SG_174', 'SG_175', 'SG_176', 'SG_177', 'SG_178', 'SG_179', 'SG_180', 'SG_181', 'SG_182', 'SG_183', 'SG_184', 'SG_185', 'SG_186', 'SG_187', 'SG_188', 'SG_189', 'SG_190', 'SG_191', 'SG_192', 'SG_193', 'SG_194', 'SG_195', 'SG_196', 'SG_197', 'SG_198', 'SG_199', 'SG_200', 'SG_201', 'SG_202', 'SG_203', 'SG_204', 'SG_205', 'SG_206', 'SG_208', 'SG_210', 'SG_211', 'SG_212', 'SG_213', 'SG_214', 'SG_215', 'SG_216', 'SG_217', 'SG_218', 'SG_219', 'SG_220', 'SG_221', 'SG_222', 'SG_223', 'SG_224', 'SG_225', 'SG_226', 'SG_227', 'SG_229', 'SG_230', 'HS_I', 'HS_2', 'Mirror', 'HS_21', 'Glide', 'HS_4', 'HS_4143', 'HS_42', 'HS_4Bar', 'HS_2M', 'HS_21M', 'HS_4M', 'HS_42M', 'HS_3', 'HS_31', 'HS_32', 'HS_3Bar', 'HS_6', 'HS_61', 'HS_62', 'HS_63', 'HS_64', 'HS_65', 'HS_6Bar', 'HS_6M', 'HS_63M', 'NumberOfAtoms', 'TotalAtomicWeight', 'TotalChemicalPotential', 'TotalElectronAffinity', 'TotalElectroNegativity', 'TotalIonisationEnergy', 'TotalDensity', 'TotalNumberOfSOrbitals', 'TotalNumberOfPOrbitals', 'TotalNumberOfDOrbitals', 'TotalNumberOfFOrbitals', 'TotalNumberOfElectrons', 'TotalNumberOfSElectrons', 'TotalNumberOfPElectrons', 'TotalNumberOfDElectrons', 'TotalNumberOfFElectrons', 'ValenceElectrons']
2021-05-02 14:48:55,925 INFO 
2021-05-02 14:48:55,940 INFO Unique compounds = 114017
2021-05-02 15:08:21,521 INFO Mean Absolute Error = 0.082444
2021-05-02 15:08:21,523 INFO Root Mean Squared Error = 0.311686
2021-05-02 15:08:21,524 INFO R^2 = 0.905917
2021-05-02 15:08:21,528 INFO 0.00    0.000000
0.05    0.000000
0.10    0.000000
0.15    0.000000
0.20    0.000002
0.25    0.000004
0.30    0.000010
0.35    0.000021
0.40    0.000043
0.45    0.000082
0.50    0.000153
0.55    0.000289
0.60    0.000556
0.65    0.001124
0.70    0.002487
0.75    0.006273
0.80    0.019811
0.85    0.067756
0.90    0.192142
0.95    0.503080
1.00    8.025645
Name: AbsResidual, dtype: float64
2021-05-02 15:08:21,531 INFO 0.999000 Quantile Error = 3.232445
